[2026-06-19 00:18:06.817] [NODO-1] [V=[-]] [SISTEMA] === LOG INICIADO — Nodo 1 — 2026-06-19 00:18:06.815 ===
[2026-06-19 00:18:06.826] [NODO-1] [V=[-]] [SISTEMA] ════════════════════════════════════════════════
[2026-06-19 00:18:06.827] [NODO-1] [V=[-]] [SISTEMA]   NODO-1 — WhatsApp Distribuido Multinodo
[2026-06-19 00:18:06.827] [NODO-1] [V=[-]] [SISTEMA]   Puerto clientes: 5002
[2026-06-19 00:18:06.828] [NODO-1] [V=[-]] [SISTEMA]   Puerto inter-nodo: 5102
[2026-06-19 00:18:06.828] [NODO-1] [V=[-]] [SISTEMA]   Peers configurados: 2
[2026-06-19 00:18:06.829] [NODO-1] [V=[-]] [SISTEMA] ════════════════════════════════════════════════
[2026-06-19 00:18:07.104] [NODO-1] [V=[-]] [NODO] Escuchando conexiones inter-nodo en puerto 5102
[2026-06-19 00:18:07.631] [NODO-1] [V=[-]] [NODO] Conectado exitosamente a Nodo-0 (localhost:5001)
[2026-06-19 00:18:07.634] [NODO-1] [V=[-]] [NODO] Esperando conexión con peers (máximo 10 segundos)...
[2026-06-19 00:18:07.637] [NODO-1] [V=[-]] [NODO] Peers conectados: 1/2
[2026-06-19 00:18:07.638] [NODO-1] [V=[0, 1, 0]] [NODO] Nodo-0 se unió al sistema
[2026-06-19 00:18:07.638] [NODO-1] [V=[-]] [HEARTBEAT] Gestor de Heartbeats iniciado (intervalo=2000ms, maxFallos=3)
[2026-06-19 00:18:09.639] [NODO-1] [V=[3, 4, 0]] [ELECCION] COORDINADOR_INICIAL — Coordinador inicial determinado: Nodo-1
[2026-06-19 00:18:09.640] [NODO-1] [V=[3, 5, 0]] [ELECCION] NUEVO_COORDINADOR — ★ Nodo-1 es el nuevo COORDINADOR ★
[2026-06-19 00:18:09.641] [NODO-1] [V=[-]] [SISTEMA] Aceptando clientes en puerto 5002
[2026-06-19 00:18:12.647] [NODO-1] [V=[-]] [NODO] No se pudo conectar a Nodo-2 (localhost:5003): Connection refused: getsockopt
[2026-06-19 00:18:17.645] [NODO-1] [V=[-]] [NODO] No se pudo conectar a Nodo-2 (localhost:5003): Connection refused: getsockopt
[2026-06-19 00:18:22.637] [NODO-1] [V=[-]] [NODO] Conectado exitosamente a Nodo-2 (localhost:5003)
[2026-06-19 00:18:22.652] [NODO-1] [V=[32, 33, 0]] [NODO] Nodo-2 se unió al sistema
[2026-06-19 00:18:25.003] [NODO-1] [V=[36, 41, 7]] [ELECCION] COORDINADOR_ACEPTADO — Nuevo coordinador: Nodo-2 (anterior: Nodo-1)
[2026-06-19 00:21:10.010] [NODO-1] [V=[620, 619, 587]] [CONSENSO] APPEND_RECIBIDO — Entrada recibida del líder: [T0:I0] CONECTADO Usuario1@Nodo-0
[2026-06-19 00:21:42.207] [NODO-1] [V=[734, 733, 701]] [NODO] Nueva conexión de cliente desde 127.0.0.1
[2026-06-19 00:21:42.237] [NODO-1] [V=[-]] [SISTEMA] [MANEJADOR-Usuario2] Cuenta creada exitosamente.
[2026-06-19 00:21:42.244] [NODO-1] [V=[734, 734, 701]] [MENSAJE] CONECTADO: Usuario2 → SISTEMA "Usuario conectado en Nodo-1"
[2026-06-19 00:21:42.247] [NODO-1] [V=[734, 735, 701]] [CONSENSO] PROPUESTA_REENVIADA — Reenviada a líder Nodo-2: CONECTADO Usuario2
[2026-06-19 00:21:42.249] [NODO-1] [V=[734, 736, 703]] [CONSENSO] APPEND_RECIBIDO — Entrada recibida del líder: [T0:I1] CONECTADO Usuario2@Nodo-1
[2026-06-19 00:21:42.304] [NODO-1] [V=[-]] [SISTEMA] [MANEJADOR-Usuario2] Hilo Enviador iniciado.
[2026-06-19 00:22:15.089] [NODO-1] [V=[853, 854, 825]] [CONSENSO] APPEND_RECIBIDO — Entrada recibida del líder: [T0:I2] CONECTADO Usuario3@Nodo-2
[2026-06-19 00:24:01.209] [NODO-1] [V=[1226, 1227, 1200]] [MUTEX] REQUEST_RECIBIDO — De Nodo-2. No estoy en SC ni solicitando → REPLY inmediato
[2026-06-19 00:24:01.210] [NODO-1] [V=[1226, 1228, 1200]] [MUTEX] REPLY_ENVIADO — → Nodo-2
[2026-06-19 00:32:24.247] [NODO-1] [V=[2990, 2989, 2962]] [MUTEX] REQUEST_RECIBIDO — De Nodo-0. No estoy en SC ni solicitando → REPLY inmediato
[2026-06-19 00:32:24.249] [NODO-1] [V=[2990, 2990, 2962]] [MUTEX] REPLY_ENVIADO — → Nodo-0
[2026-06-19 00:32:49.771] [NODO-1] [V=[-]] [SISTEMA] [MANEJADOR-Usuario2] Recibido: [00:32:49] Usuario2 -> Usuario3 (TEXTO): este es un test
[2026-06-19 00:32:49.771] [NODO-1] [V=[3084, 3082, 3056]] [MENSAJE] TEXTO: Usuario2 → Usuario3 "este es un test"
[2026-06-19 00:32:49.773] [NODO-1] [V=[3084, 3082, 3056]] [MENSAJE] Mensaje reenviado a Nodo-2 para Usuario3
[2026-06-19 00:32:49.778] [NODO-1] [V=[3084, 3083, 3056]] [MUTEX] REQUEST_INICIO — Solicitando acceso a SC. Esperando 2 respuestas
[2026-06-19 00:32:49.780] [NODO-1] [V=[3084, 3083, 3056]] [MUTEX] REQUEST_ENVIADO — → Nodo-0
[2026-06-19 00:32:49.781] [NODO-1] [V=[3084, 3083, 3056]] [MUTEX] REQUEST_ENVIADO — → Nodo-2
[2026-06-19 00:32:49.781] [NODO-1] [V=[3086, 3084, 3056]] [MUTEX] REPLY_RECIBIDO — De Nodo-0
[2026-06-19 00:32:49.783] [NODO-1] [V=[3086, 3085, 3059]] [MUTEX] REPLY_RECIBIDO — De Nodo-2
[2026-06-19 00:32:49.784] [NODO-1] [V=[3086, 3085, 3059]] [MUTEX] SC_ENTRADA — ★ Entró a la Sección Crítica (todas las respuestas recibidas)
[2026-06-19 00:32:49.830] [NODO-1] [V=[3086, 3086, 3059]] [MUTEX] SC_SALIDA — Salió de la Sección Crítica. Respondiendo a 0 solicitudes diferidas.
[2026-06-19 01:44:24.568] [NODO-1] [V=[18116, 18118, 18092]] [CONSENSO] APPEND_RECIBIDO — Entrada recibida del líder: [T0:I3] DESCONECTADO Usuario3@Nodo-2
[2026-06-19 01:44:25.399] [NODO-1] [V=[-]] [SISTEMA] [MANEJADOR-Usuario2] Recibido: [01:44:25] Usuario2 -> SERVIDOR (DESCONECTAR): Desconexión voluntaria
[2026-06-19 01:44:25.399] [NODO-1] [V=[-]] [SISTEMA] [MANEJADOR-Usuario2] Desconexión voluntaria.
[2026-06-19 01:44:25.400] [NODO-1] [V=[18120, 18122, 18095]] [MENSAJE] DESCONECTADO: Usuario2 → SISTEMA "Usuario desconectado de Nodo-1"
[2026-06-19 01:44:25.403] [NODO-1] [V=[18120, 18123, 18095]] [CONSENSO] PROPUESTA_REENVIADA — Reenviada a líder Nodo-2: DESCONECTADO Usuario2
[2026-06-19 01:44:25.404] [NODO-1] [V=[-]] [SISTEMA] [MANEJADOR-Usuario2] Socket cerrado.
[2026-06-19 01:44:25.405] [NODO-1] [V=[-]] [SISTEMA] [MANEJADOR-Usuario2] Hilo finalizado.
[2026-06-19 01:44:25.404] [NODO-1] [V=[18122, 18124, 18099]] [CONSENSO] APPEND_RECIBIDO — Entrada recibida del líder: [T0:I4] DESCONECTADO Usuario2@Nodo-1
[2026-06-19 01:44:26.322] [NODO-1] [V=[18128, 18129, 18105]] [CONSENSO] APPEND_RECIBIDO — Entrada recibida del líder: [T0:I5] DESCONECTADO Usuario1@Nodo-0
[2026-06-19 01:44:57.689] [NODO-1] [V=[18245, 18243, 18221]] [CONSENSO] APPEND_RECIBIDO — Entrada recibida del líder: [T0:I6] CONECTADO Usuario1@Nodo-0
[2026-06-19 01:45:14.191] [NODO-1] [V=[18306, 18301, 18281]] [CONSENSO] APPEND_RECIBIDO — Entrada recibida del líder: [T0:I7] CONECTADO Usuario2@Nodo-0
[2026-06-19 01:45:30.966] [NODO-1] [V=[18365, 18361, 18344]] [CONSENSO] APPEND_RECIBIDO — Entrada recibida del líder: [T0:I8] CONECTADO Usuario3@Nodo-2
[2026-06-19 01:45:47.070] [NODO-1] [V=[18427, 18421, 18407]] [CONSENSO] APPEND_RECIBIDO — Entrada recibida del líder: [T0:I9] DESCONECTADO Usuario3@Nodo-2
[2026-06-19 01:46:04.877] [NODO-1] [V=[18488, 18484, 18472]] [CONSENSO] APPEND_RECIBIDO — Entrada recibida del líder: [T0:I10] CONECTADO Usuario3@Nodo-2
[2026-06-19 01:46:26.279] [NODO-1] [V=[18568, 18561, 18551]] [CONSENSO] APPEND_RECIBIDO — Entrada recibida del líder: [T0:I11] DESCONECTADO Usuario2@Nodo-0
[2026-06-19 01:46:27.496] [NODO-1] [V=[18575, 18567, 18560]] [CONSENSO] APPEND_RECIBIDO — Entrada recibida del líder: [T0:I12] DESCONECTADO Usuario3@Nodo-2
[2026-06-19 01:46:45.551] [NODO-1] [V=[18636, 18632, 18623]] [NODO] Nueva conexión de cliente desde 127.0.0.1
[2026-06-19 01:46:45.565] [NODO-1] [V=[-]] [SISTEMA] [MANEJADOR-Usuario2] Login exitoso.
[2026-06-19 01:46:45.565] [NODO-1] [V=[18636, 18633, 18623]] [MENSAJE] CONECTADO: Usuario2 → SISTEMA "Usuario conectado en Nodo-1"
[2026-06-19 01:46:45.566] [NODO-1] [V=[18636, 18634, 18623]] [CONSENSO] PROPUESTA_REENVIADA — Reenviada a líder Nodo-2: CONECTADO Usuario2
[2026-06-19 01:46:45.567] [NODO-1] [V=[18640, 18635, 18627]] [CONSENSO] APPEND_RECIBIDO — Entrada recibida del líder: [T0:I13] CONECTADO Usuario2@Nodo-1
[2026-06-19 01:46:45.593] [NODO-1] [V=[-]] [SISTEMA] [MANEJADOR-Usuario2] Hilo Enviador iniciado.
[2026-06-19 01:46:54.557] [NODO-1] [V=[-]] [SISTEMA] [MANEJADOR-Usuario2] Recibido: [01:46:54] Usuario2 -> SERVIDOR (DESCONECTAR): Desconexión voluntaria
[2026-06-19 01:46:54.558] [NODO-1] [V=[-]] [SISTEMA] [MANEJADOR-Usuario2] Desconexión voluntaria.
[2026-06-19 01:46:54.558] [NODO-1] [V=[18673, 18670, 18659]] [MENSAJE] DESCONECTADO: Usuario2 → SISTEMA "Usuario desconectado de Nodo-1"
[2026-06-19 01:46:54.558] [NODO-1] [V=[18673, 18671, 18659]] [CONSENSO] PROPUESTA_REENVIADA — Reenviada a líder Nodo-2: DESCONECTADO Usuario2
[2026-06-19 01:46:54.559] [NODO-1] [V=[-]] [SISTEMA] [MANEJADOR-Usuario2] Socket cerrado.
[2026-06-19 01:46:54.559] [NODO-1] [V=[-]] [SISTEMA] [MANEJADOR-Usuario2] Hilo finalizado.
[2026-06-19 01:46:54.560] [NODO-1] [V=[18673, 18672, 18663]] [CONSENSO] APPEND_RECIBIDO — Entrada recibida del líder: [T0:I14] DESCONECTADO Usuario2@Nodo-1
[2026-06-19 01:47:53.058] [NODO-1] [V=[18882, 18879, 18874]] [CONSENSO] APPEND_RECIBIDO — Entrada recibida del líder: [T0:I15] CONECTADO Usuario3@Nodo-2
[2026-06-19 01:48:15.724] [NODO-1] [V=[18963, 18961, 18957]] [CONSENSO] APPEND_RECIBIDO — Entrada recibida del líder: [T0:I16] DESCONECTADO Usuario3@Nodo-2
[2026-06-19 01:48:16.827] [NODO-1] [V=[18970, 18965, 18963]] [CONSENSO] APPEND_RECIBIDO — Entrada recibida del líder: [T0:I17] DESCONECTADO Usuario1@Nodo-0
[2026-06-19 01:48:19.726] [NODO-1] [V=[-]] [FALLO] Conexión perdida con Nodo-0: Connection reset
[2026-06-19 01:48:19.727] [NODO-1] [V=[18983, 18979, 18977]] [FALLO] ⚠ Peer desconectado: Nodo-0
[2026-06-19 01:48:22.634] [NODO-1] [V=[-]] [NODO] No se pudo conectar a Nodo-0 (localhost:5001): Connection refused: getsockopt
[2026-06-19 01:48:26.144] [NODO-1] [V=[-]] [FALLO] Conexión perdida con Nodo-2: Connection reset
[2026-06-19 01:48:26.145] [NODO-1] [V=[18983, 18992, 18990]] [FALLO] ⚠ Peer desconectado: Nodo-2
[2026-06-19 02:13:49.556] [NODO-1] [V=[-]] [SISTEMA] === LOG INICIADO — Nodo 1 — 2026-06-19 02:13:49.554 ===
[2026-06-19 02:13:49.566] [NODO-1] [V=[-]] [SISTEMA] ════════════════════════════════════════════════
[2026-06-19 02:13:49.567] [NODO-1] [V=[-]] [SISTEMA]   NODO-1 — WhatsApp Distribuido Multinodo
[2026-06-19 02:13:49.567] [NODO-1] [V=[-]] [SISTEMA]   Puerto clientes: 5002
[2026-06-19 02:13:49.568] [NODO-1] [V=[-]] [SISTEMA]   Puerto inter-nodo: 5102
[2026-06-19 02:13:49.568] [NODO-1] [V=[-]] [SISTEMA]   Peers configurados: 2
[2026-06-19 02:13:49.568] [NODO-1] [V=[-]] [SISTEMA] ════════════════════════════════════════════════
[2026-06-19 02:13:49.825] [NODO-1] [V=[-]] [NODO] Escuchando conexiones inter-nodo en puerto 5102
[2026-06-19 02:13:50.338] [NODO-1] [V=[-]] [NODO] Conectado exitosamente a Nodo-0 (localhost:5001)
[2026-06-19 02:13:50.341] [NODO-1] [V=[-]] [NODO] Esperando conexión con peers (máximo 10 segundos)...
[2026-06-19 02:13:50.343] [NODO-1] [V=[-]] [NODO] Peers conectados: 1/2
[2026-06-19 02:13:50.344] [NODO-1] [V=[-]] [HEARTBEAT] Gestor de Heartbeats iniciado (intervalo=2000ms, maxFallos=3)
[2026-06-19 02:13:50.347] [NODO-1] [V=[0, 1, 0]] [NODO] Nodo-0 se unió al sistema
[2026-06-19 02:13:52.347] [NODO-1] [V=[0, 2, 0]] [ELECCION] COORDINADOR_INICIAL — Coordinador inicial determinado: Nodo-1
[2026-06-19 02:13:52.347] [NODO-1] [V=[0, 3, 0]] [ELECCION] NUEVO_COORDINADOR — ★ Nodo-1 es el nuevo COORDINADOR ★
[2026-06-19 02:13:52.370] [NODO-1] [V=[-]] [SISTEMA] Aceptando clientes en puerto 5002
[2026-06-19 02:13:55.356] [NODO-1] [V=[-]] [NODO] No se pudo conectar a Nodo-2 (localhost:5003): Connection refused: getsockopt
[2026-06-19 02:13:56.504] [NODO-1] [V=[-]] [NODO] Conexión entrante aceptada de Nodo-2
[2026-06-19 02:13:58.516] [NODO-1] [V=[18, 20, 10]] [ELECCION] COORDINADOR_ACEPTADO — Nuevo coordinador: Nodo-2 (anterior: Nodo-1)
[2026-06-19 02:14:23.806] [NODO-1] [V=[110, 107, 98]] [CONSENSO] APPEND_RECIBIDO — Entrada recibida del líder: [T0:I0] CONECTADO Usuario1@Nodo-0
[2026-06-19 02:14:50.827] [NODO-1] [V=[208, 207, 194]] [NODO] Nueva conexión de cliente desde 127.0.0.1
[2026-06-19 02:14:50.844] [NODO-1] [V=[-]] [SISTEMA] [MANEJADOR-Usuario2] Login exitoso.
[2026-06-19 02:14:50.846] [NODO-1] [V=[208, 208, 194]] [MENSAJE] CONECTADO: Usuario2 → SISTEMA "Usuario conectado en Nodo-1"
[2026-06-19 02:14:50.849] [NODO-1] [V=[208, 209, 194]] [CONSENSO] PROPUESTA_REENVIADA — Reenviada a líder Nodo-2: CONECTADO Usuario2
[2026-06-19 02:14:50.851] [NODO-1] [V=[208, 210, 200]] [CONSENSO] APPEND_RECIBIDO — Entrada recibida del líder: [T0:I1] CONECTADO Usuario2@Nodo-1
[2026-06-19 02:14:50.941] [NODO-1] [V=[-]] [SISTEMA] [MANEJADOR-Usuario2] Hilo Enviador iniciado.
[2026-06-19 02:15:38.854] [NODO-1] [V=[378, 380, 373]] [CONSENSO] APPEND_RECIBIDO — Entrada recibida del líder: [T0:I2] CONECTADO Usuario3@Nodo-2
[2026-06-19 02:15:44.919] [NODO-1] [V=[401, 403, 398]] [CONSENSO] APPEND_RECIBIDO — Entrada recibida del líder: [T0:I3] DESCONECTADO Usuario3@Nodo-2
[2026-06-19 02:17:03.238] [NODO-1] [V=[-]] [SISTEMA] [MANEJADOR-Usuario2] Recibido: [02:17:03] Usuario2 -> SERVIDOR (DESCONECTAR): Desconexión voluntaria
[2026-06-19 02:17:03.238] [NODO-1] [V=[-]] [SISTEMA] [MANEJADOR-Usuario2] Desconexión voluntaria.
[2026-06-19 02:17:03.239] [NODO-1] [V=[676, 678, 669]] [MENSAJE] DESCONECTADO: Usuario2 → SISTEMA "Usuario desconectado de Nodo-1"
[2026-06-19 02:17:03.240] [NODO-1] [V=[676, 679, 669]] [CONSENSO] PROPUESTA_REENVIADA — Reenviada a líder Nodo-2: DESCONECTADO Usuario2
[2026-06-19 02:17:03.240] [NODO-1] [V=[676, 680, 675]] [CONSENSO] APPEND_RECIBIDO — Entrada recibida del líder: [T0:I4] DESCONECTADO Usuario2@Nodo-1
[2026-06-19 02:17:03.243] [NODO-1] [V=[-]] [SISTEMA] [MANEJADOR-Usuario2] Socket cerrado.
[2026-06-19 02:17:03.247] [NODO-1] [V=[-]] [SISTEMA] [MANEJADOR-Usuario2] Hilo finalizado.
[2026-06-19 02:17:05.352] [NODO-1] [V=[689, 689, 686]] [CONSENSO] APPEND_RECIBIDO — Entrada recibida del líder: [T0:I5] DESCONECTADO Usuario1@Nodo-0
[2026-06-19 02:20:14.571] [NODO-1] [V=[-]] [SISTEMA] === LOG INICIADO — Nodo 1 — 2026-06-19 02:20:14.569 ===
[2026-06-19 02:20:14.580] [NODO-1] [V=[-]] [SISTEMA] ════════════════════════════════════════════════
[2026-06-19 02:20:14.582] [NODO-1] [V=[-]] [SISTEMA]   NODO-1 — WhatsApp Distribuido Multinodo
[2026-06-19 02:20:14.582] [NODO-1] [V=[-]] [SISTEMA]   Puerto clientes: 5002
[2026-06-19 02:20:14.583] [NODO-1] [V=[-]] [SISTEMA]   Puerto inter-nodo: 5102
[2026-06-19 02:20:14.583] [NODO-1] [V=[-]] [SISTEMA]   Peers configurados: 2
[2026-06-19 02:20:14.583] [NODO-1] [V=[-]] [SISTEMA] ════════════════════════════════════════════════
[2026-06-19 02:20:14.907] [NODO-1] [V=[-]] [NODO] Escuchando conexiones inter-nodo en puerto 5102
[2026-06-19 02:20:15.423] [NODO-1] [V=[-]] [NODO] Conectado exitosamente a Nodo-0 (localhost:5001)
[2026-06-19 02:20:15.426] [NODO-1] [V=[-]] [NODO] Esperando conexión con peers (máximo 10 segundos)...
[2026-06-19 02:20:15.428] [NODO-1] [V=[0, 1, 0]] [NODO] Nodo-0 se unió al sistema
[2026-06-19 02:20:15.429] [NODO-1] [V=[-]] [NODO] Peers conectados: 1/2
[2026-06-19 02:20:15.430] [NODO-1] [V=[-]] [HEARTBEAT] Gestor de Heartbeats iniciado (intervalo=2000ms, maxFallos=3)
[2026-06-19 02:20:16.508] [NODO-1] [V=[-]] [NODO] Conexión entrante aceptada de Nodo-2
[2026-06-19 02:20:17.432] [NODO-1] [V=[1156, 835, 1165]] [ELECCION] COORDINADOR_INICIAL — Coordinador inicial determinado: Nodo-2
[2026-06-19 02:20:17.434] [NODO-1] [V=[-]] [SISTEMA] Aceptando clientes en puerto 5002
[2026-06-19 02:20:56.824] [NODO-1] [V=[-]] [FALLO] Conexión perdida con Nodo-0: Connection reset
[2026-06-19 02:20:56.824] [NODO-1] [V=[1296, 976, 1305]] [FALLO] ⚠ Peer desconectado: Nodo-0
[2026-06-19 17:06:35.894] [NODO-1] [V=[-]] [SISTEMA] === LOG INICIADO — Nodo 1 — 2026-06-19 17:06:35.893 ===
[2026-06-19 17:06:35.904] [NODO-1] [V=[-]] [SISTEMA] ════════════════════════════════════════════════
[2026-06-19 17:06:35.906] [NODO-1] [V=[-]] [SISTEMA]   NODO-1 — WhatsApp Distribuido Multinodo
[2026-06-19 17:06:35.906] [NODO-1] [V=[-]] [SISTEMA]   Puerto clientes: 5002
[2026-06-19 17:06:35.906] [NODO-1] [V=[-]] [SISTEMA]   Puerto inter-nodo: 5102
[2026-06-19 17:06:35.907] [NODO-1] [V=[-]] [SISTEMA]   Peers configurados: 2
[2026-06-19 17:06:35.907] [NODO-1] [V=[-]] [SISTEMA] ════════════════════════════════════════════════
[2026-06-19 17:06:36.216] [NODO-1] [V=[-]] [NODO] Escuchando conexiones inter-nodo en puerto 5102
[2026-06-19 17:06:36.740] [NODO-1] [V=[-]] [NODO] Conectado exitosamente a Nodo-0 (localhost:5001)
[2026-06-19 17:06:36.744] [NODO-1] [V=[-]] [NODO] Esperando conexión con peers (máximo 10 segundos)...
[2026-06-19 17:06:36.748] [NODO-1] [V=[-]] [NODO] Peers conectados: 1/2
[2026-06-19 17:06:36.750] [NODO-1] [V=[-]] [HEARTBEAT] Gestor de Heartbeats iniciado (intervalo=2000ms, maxFallos=3)
[2026-06-19 17:06:36.751] [NODO-1] [V=[0, 1, 0]] [NODO] Nodo-0 se unió al sistema
[2026-06-19 17:06:38.752] [NODO-1] [V=[24, 4, 0]] [ELECCION] COORDINADOR_INICIAL — Coordinador inicial determinado: Nodo-1
[2026-06-19 17:06:38.753] [NODO-1] [V=[24, 5, 0]] [ELECCION] NUEVO_COORDINADOR — ★ Nodo-1 es el nuevo COORDINADOR ★
[2026-06-19 17:06:38.756] [NODO-1] [V=[-]] [SISTEMA] Aceptando clientes en puerto 5002
[2026-06-19 17:06:41.759] [NODO-1] [V=[-]] [NODO] No se pudo conectar a Nodo-2 (localhost:5003): Connection refused: getsockopt
[2026-06-19 17:06:46.755] [NODO-1] [V=[-]] [NODO] No se pudo conectar a Nodo-2 (localhost:5003): Connection refused: getsockopt
[2026-06-19 17:06:49.104] [NODO-1] [V=[-]] [NODO] Conexión entrante aceptada de Nodo-2
[2026-06-19 17:06:51.117] [NODO-1] [V=[53, 34, 8]] [ELECCION] COORDINADOR_ACEPTADO — Nuevo coordinador: Nodo-2 (anterior: Nodo-1)
[2026-06-19 17:07:39.673] [NODO-1] [V=[227, 203, 180]] [CONSENSO] APPEND_RECIBIDO — Entrada recibida del líder: [T0:I0] CONECTADO Usuario1@Nodo-0
[2026-06-19 17:08:34.198] [NODO-1] [V=[419, 396, 369]] [NODO] Nueva conexión de cliente desde 127.0.0.1
[2026-06-19 17:08:34.216] [NODO-1] [V=[-]] [SISTEMA] [MANEJADOR-Usuario2] Login exitoso.
[2026-06-19 17:08:34.219] [NODO-1] [V=[419, 397, 369]] [MENSAJE] CONECTADO: Usuario2 → SISTEMA "Usuario conectado en Nodo-1"
[2026-06-19 17:08:34.232] [NODO-1] [V=[419, 398, 369]] [CONSENSO] PROPUESTA_REENVIADA — Reenviada a líder Nodo-2: CONECTADO Usuario2
[2026-06-19 17:08:34.234] [NODO-1] [V=[419, 399, 375]] [CONSENSO] APPEND_RECIBIDO — Entrada recibida del líder: [T0:I1] CONECTADO Usuario2@Nodo-1
[2026-06-19 17:08:34.328] [NODO-1] [V=[-]] [SISTEMA] [MANEJADOR-Usuario2] Hilo Enviador iniciado.
[2026-06-19 17:08:46.733] [NODO-1] [V=[466, 443, 419]] [MENSAJE] Mensaje inter-nodo entregado a Usuario2
[2026-06-19 17:08:46.746] [NODO-1] [V=[467, 444, 419]] [MUTEX] REQUEST_RECIBIDO — De Nodo-0. No estoy en SC ni solicitando → REPLY inmediato
[2026-06-19 17:08:46.748] [NODO-1] [V=[467, 445, 419]] [MUTEX] REPLY_ENVIADO — → Nodo-0
[2026-06-19 17:09:10.060] [NODO-1] [V=[-]] [FALLO] Conexión perdida con Nodo-0: Connection reset
[2026-06-19 17:09:10.061] [NODO-1] [V=[552, 530, 501]] [FALLO] ⚠ Peer desconectado: Nodo-0
[2026-06-19 17:09:10.066] [NODO-1] [V=[552, 531, 501]] [NODO] Nueva conexión de cliente desde 127.0.0.1
[2026-06-19 17:09:10.090] [NODO-1] [V=[-]] [SISTEMA] [MANEJADOR-Usuario1] Login exitoso.
[2026-06-19 17:09:10.090] [NODO-1] [V=[552, 532, 501]] [MENSAJE] CONECTADO: Usuario1 → SISTEMA "Usuario conectado en Nodo-1"
[2026-06-19 17:09:10.092] [NODO-1] [V=[552, 533, 501]] [CONSENSO] PROPUESTA_REENVIADA — Reenviada a líder Nodo-2: CONECTADO Usuario1
[2026-06-19 17:09:10.097] [NODO-1] [V=[552, 534, 508]] [CONSENSO] APPEND_RECIBIDO — Entrada recibida del líder: [T0:I2] CONECTADO Usuario1@Nodo-1
[2026-06-19 17:09:10.132] [NODO-1] [V=[-]] [SISTEMA] [MANEJADOR-Usuario1] Hilo Enviador iniciado.
[2026-06-19 17:09:11.768] [NODO-1] [V=[-]] [NODO] No se pudo conectar a Nodo-0 (localhost:5001): Connection refused: getsockopt
[2026-06-19 17:09:16.766] [NODO-1] [V=[-]] [NODO] No se pudo conectar a Nodo-0 (localhost:5001): Connection refused: getsockopt
[2026-06-19 17:09:21.756] [NODO-1] [V=[-]] [NODO] No se pudo conectar a Nodo-0 (localhost:5001): Connection refused: getsockopt
[2026-06-19 17:09:26.626] [NODO-1] [V=[-]] [SISTEMA] [MANEJADOR-Usuario1] Recibido: [17:09:26] Usuario1 -> Usuario2 (TEXTO): a
[2026-06-19 17:09:26.627] [NODO-1] [V=[552, 568, 540]] [MENSAJE] TEXTO: Usuario1 → Usuario2 "a"
[2026-06-19 17:09:26.628] [NODO-1] [V=[552, 569, 540]] [MUTEX] REQUEST_INICIO — Solicitando acceso a SC. Esperando 1 respuestas
[2026-06-19 17:09:26.630] [NODO-1] [V=[552, 569, 540]] [MUTEX] REQUEST_ENVIADO — → Nodo-2
[2026-06-19 17:09:26.632] [NODO-1] [V=[552, 570, 543]] [MUTEX] REPLY_RECIBIDO — De Nodo-2
[2026-06-19 17:09:26.633] [NODO-1] [V=[552, 570, 543]] [MUTEX] SC_ENTRADA — ★ Entró a la Sección Crítica (todas las respuestas recibidas)
[2026-06-19 17:09:26.648] [NODO-1] [V=[552, 571, 543]] [MUTEX] SC_SALIDA — Salió de la Sección Crítica. Respondiendo a 0 solicitudes diferidas.
[2026-06-19 17:09:26.744] [NODO-1] [V=[-]] [NODO] No se pudo conectar a Nodo-0 (localhost:5001): Connection refused: getsockopt
[2026-06-19 17:09:31.748] [NODO-1] [V=[-]] [NODO] No se pudo conectar a Nodo-0 (localhost:5001): Connection refused: getsockopt
[2026-06-19 17:09:36.746] [NODO-1] [V=[-]] [NODO] No se pudo conectar a Nodo-0 (localhost:5001): Connection refused: getsockopt
[2026-06-19 17:09:41.758] [NODO-1] [V=[-]] [NODO] No se pudo conectar a Nodo-0 (localhost:5001): Connection refused: getsockopt
