[2026-06-19 00:17:53.717] [NODO-0] [V=[-]] [SISTEMA] === LOG INICIADO — Nodo 0 — 2026-06-19 00:17:53.715 ===
[2026-06-19 00:17:53.726] [NODO-0] [V=[-]] [SISTEMA] ════════════════════════════════════════════════
[2026-06-19 00:17:53.728] [NODO-0] [V=[-]] [SISTEMA]   NODO-0 — WhatsApp Distribuido Multinodo
[2026-06-19 00:17:53.728] [NODO-0] [V=[-]] [SISTEMA]   Puerto clientes: 5001
[2026-06-19 00:17:53.728] [NODO-0] [V=[-]] [SISTEMA]   Puerto inter-nodo: 5101
[2026-06-19 00:17:53.729] [NODO-0] [V=[-]] [SISTEMA]   Peers configurados: 2
[2026-06-19 00:17:53.729] [NODO-0] [V=[-]] [SISTEMA] ════════════════════════════════════════════════
[2026-06-19 00:17:54.005] [NODO-0] [V=[-]] [NODO] Escuchando conexiones inter-nodo en puerto 5101
[2026-06-19 00:17:54.527] [NODO-0] [V=[-]] [NODO] Esperando conexión con peers (máximo 10 segundos)...
[2026-06-19 00:17:59.533] [NODO-0] [V=[-]] [NODO] No se pudo conectar a Nodo-1 (localhost:5002): Connection refused: getsockopt
[2026-06-19 00:17:59.534] [NODO-0] [V=[-]] [NODO] No se pudo conectar a Nodo-2 (localhost:5003): Connection refused: getsockopt
[2026-06-19 00:18:04.539] [NODO-0] [V=[-]] [NODO] No se pudo conectar a Nodo-1 (localhost:5002): Connection refused: getsockopt
[2026-06-19 00:18:04.540] [NODO-0] [V=[-]] [NODO] No se pudo conectar a Nodo-2 (localhost:5003): Connection refused: getsockopt
[2026-06-19 00:18:04.541] [NODO-0] [V=[-]] [NODO] Peers conectados: 0/2
[2026-06-19 00:18:04.544] [NODO-0] [V=[-]] [HEARTBEAT] Gestor de Heartbeats iniciado (intervalo=2000ms, maxFallos=3)
[2026-06-19 00:18:06.545] [NODO-0] [V=[1, 0, 0]] [ELECCION] COORDINADOR_INICIAL — Coordinador inicial determinado: Nodo-0
[2026-06-19 00:18:06.546] [NODO-0] [V=[2, 0, 0]] [ELECCION] NUEVO_COORDINADOR — ★ Nodo-0 es el nuevo COORDINADOR ★
[2026-06-19 00:18:06.546] [NODO-0] [V=[-]] [SISTEMA] Aceptando clientes en puerto 5001
[2026-06-19 00:18:07.634] [NODO-0] [V=[-]] [NODO] Conexión entrante aceptada de Nodo-1
[2026-06-19 00:18:09.538] [NODO-0] [V=[-]] [NODO] No se pudo conectar a Nodo-2 (localhost:5003): Connection refused: getsockopt
[2026-06-19 00:18:09.641] [NODO-0] [V=[7, 5, 0]] [ELECCION] COORDINADOR_ACEPTADO — Nuevo coordinador: Nodo-1 (anterior: Nodo-0)
[2026-06-19 00:18:14.527] [NODO-0] [V=[-]] [NODO] No se pudo conectar a Nodo-2 (localhost:5003): Connection refused: getsockopt
[2026-06-19 00:18:19.529] [NODO-0] [V=[-]] [NODO] No se pudo conectar a Nodo-2 (localhost:5003): Connection refused: getsockopt
[2026-06-19 00:18:22.991] [NODO-0] [V=[-]] [NODO] Conexión entrante aceptada de Nodo-2
[2026-06-19 00:18:25.003] [NODO-0] [V=[41, 38, 7]] [ELECCION] COORDINADOR_ACEPTADO — Nuevo coordinador: Nodo-2 (anterior: Nodo-1)
[2026-06-19 00:21:09.964] [NODO-0] [V=[618, 616, 581]] [NODO] Nueva conexión de cliente desde 127.0.0.1
[2026-06-19 00:21:09.983] [NODO-0] [V=[-]] [SISTEMA] [MANEJADOR-Usuario1] Cuenta creada exitosamente.
[2026-06-19 00:21:09.988] [NODO-0] [V=[619, 616, 581]] [MENSAJE] CONECTADO: Usuario1 → SISTEMA "Usuario conectado en Nodo-0"
[2026-06-19 00:21:09.991] [NODO-0] [V=[620, 616, 581]] [CONSENSO] PROPUESTA_REENVIADA — Reenviada a líder Nodo-2: CONECTADO Usuario1
[2026-06-19 00:21:10.009] [NODO-0] [V=[621, 616, 587]] [CONSENSO] APPEND_RECIBIDO — Entrada recibida del líder: [T0:I0] CONECTADO Usuario1@Nodo-0
[2026-06-19 00:21:10.048] [NODO-0] [V=[-]] [SISTEMA] [MANEJADOR-Usuario1] Hilo Enviador iniciado.
[2026-06-19 00:21:42.249] [NODO-0] [V=[735, 735, 703]] [CONSENSO] APPEND_RECIBIDO — Entrada recibida del líder: [T0:I1] CONECTADO Usuario2@Nodo-1
[2026-06-19 00:22:15.089] [NODO-0] [V=[854, 853, 825]] [CONSENSO] APPEND_RECIBIDO — Entrada recibida del líder: [T0:I2] CONECTADO Usuario3@Nodo-2
[2026-06-19 00:24:01.198] [NODO-0] [V=[1227, 1226, 1199]] [MENSAJE] Mensaje inter-nodo entregado a Usuario1
[2026-06-19 00:24:01.207] [NODO-0] [V=[1228, 1226, 1200]] [MUTEX] REQUEST_RECIBIDO — De Nodo-2. No estoy en SC ni solicitando → REPLY inmediato
[2026-06-19 00:24:01.208] [NODO-0] [V=[1229, 1226, 1200]] [MUTEX] REPLY_ENVIADO — → Nodo-2
[2026-06-19 00:32:24.237] [NODO-0] [V=[-]] [SISTEMA] [MANEJADOR-Usuario1] Recibido: [00:32:24] Usuario1 -> Usuario3 (TEXTO): este es un test
[2026-06-19 00:32:24.238] [NODO-0] [V=[2989, 2986, 2958]] [MENSAJE] TEXTO: Usuario1 → Usuario3 "este es un test"
[2026-06-19 00:32:24.238] [NODO-0] [V=[2989, 2986, 2958]] [MENSAJE] Mensaje reenviado a Nodo-2 para Usuario3
[2026-06-19 00:32:24.244] [NODO-0] [V=[2990, 2986, 2958]] [MUTEX] REQUEST_INICIO — Solicitando acceso a SC. Esperando 2 respuestas
[2026-06-19 00:32:24.248] [NODO-0] [V=[2990, 2986, 2958]] [MUTEX] REQUEST_ENVIADO — → Nodo-1
[2026-06-19 00:32:24.250] [NODO-0] [V=[2991, 2990, 2962]] [MUTEX] REPLY_RECIBIDO — De Nodo-1
[2026-06-19 00:32:24.257] [NODO-0] [V=[2992, 2990, 2965]] [MUTEX] REPLY_RECIBIDO — De Nodo-2
[2026-06-19 00:32:24.256] [NODO-0] [V=[2990, 2986, 2958]] [MUTEX] REQUEST_ENVIADO — → Nodo-2
[2026-06-19 00:32:24.258] [NODO-0] [V=[2992, 2990, 2965]] [MUTEX] SC_ENTRADA — ★ Entró a la Sección Crítica (todas las respuestas recibidas)
[2026-06-19 00:32:24.301] [NODO-0] [V=[2993, 2990, 2965]] [MUTEX] SC_SALIDA — Salió de la Sección Crítica. Respondiendo a 0 solicitudes diferidas.
[2026-06-19 00:32:49.780] [NODO-0] [V=[3085, 3083, 3056]] [MUTEX] REQUEST_RECIBIDO — De Nodo-1. No estoy en SC ni solicitando → REPLY inmediato
[2026-06-19 00:32:49.781] [NODO-0] [V=[3086, 3083, 3056]] [MUTEX] REPLY_ENVIADO — → Nodo-1
[2026-06-19 01:44:24.568] [NODO-0] [V=[18119, 18117, 18092]] [CONSENSO] APPEND_RECIBIDO — Entrada recibida del líder: [T0:I3] DESCONECTADO Usuario3@Nodo-2
[2026-06-19 01:44:25.404] [NODO-0] [V=[18123, 18123, 18099]] [CONSENSO] APPEND_RECIBIDO — Entrada recibida del líder: [T0:I4] DESCONECTADO Usuario2@Nodo-1
[2026-06-19 01:44:26.318] [NODO-0] [V=[-]] [SISTEMA] [MANEJADOR-Usuario1] Recibido: [01:44:26] Usuario1 -> SERVIDOR (DESCONECTAR): Desconexión voluntaria
[2026-06-19 01:44:26.319] [NODO-0] [V=[-]] [SISTEMA] [MANEJADOR-Usuario1] Desconexión voluntaria.
[2026-06-19 01:44:26.320] [NODO-0] [V=[18127, 18126, 18099]] [MENSAJE] DESCONECTADO: Usuario1 → SISTEMA "Usuario desconectado de Nodo-0"
[2026-06-19 01:44:26.321] [NODO-0] [V=[18128, 18126, 18099]] [CONSENSO] PROPUESTA_REENVIADA — Reenviada a líder Nodo-2: DESCONECTADO Usuario1
[2026-06-19 01:44:26.321] [NODO-0] [V=[-]] [SISTEMA] [MANEJADOR-Usuario1] Socket cerrado.
[2026-06-19 01:44:26.322] [NODO-0] [V=[-]] [SISTEMA] [MANEJADOR-Usuario1] Hilo finalizado.
[2026-06-19 01:44:26.322] [NODO-0] [V=[18129, 18126, 18105]] [CONSENSO] APPEND_RECIBIDO — Entrada recibida del líder: [T0:I5] DESCONECTADO Usuario1@Nodo-0
[2026-06-19 01:44:57.673] [NODO-0] [V=[18243, 18240, 18215]] [NODO] Nueva conexión de cliente desde 127.0.0.1
[2026-06-19 01:44:57.687] [NODO-0] [V=[-]] [SISTEMA] [MANEJADOR-Usuario1] Login exitoso.
[2026-06-19 01:44:57.687] [NODO-0] [V=[18244, 18240, 18215]] [MENSAJE] CONECTADO: Usuario1 → SISTEMA "Usuario conectado en Nodo-0"
[2026-06-19 01:44:57.687] [NODO-0] [V=[18245, 18240, 18215]] [CONSENSO] PROPUESTA_REENVIADA — Reenviada a líder Nodo-2: CONECTADO Usuario1
[2026-06-19 01:44:57.689] [NODO-0] [V=[18246, 18240, 18221]] [CONSENSO] APPEND_RECIBIDO — Entrada recibida del líder: [T0:I6] CONECTADO Usuario1@Nodo-0
[2026-06-19 01:44:57.726] [NODO-0] [V=[-]] [SISTEMA] [MANEJADOR-Usuario1] Hilo Enviador iniciado.
[2026-06-19 01:45:14.175] [NODO-0] [V=[18304, 18298, 18275]] [NODO] Nueva conexión de cliente desde 127.0.0.1
[2026-06-19 01:45:14.188] [NODO-0] [V=[-]] [SISTEMA] [MANEJADOR-Usuario2] Login exitoso.
[2026-06-19 01:45:14.189] [NODO-0] [V=[18305, 18298, 18275]] [MENSAJE] CONECTADO: Usuario2 → SISTEMA "Usuario conectado en Nodo-0"
[2026-06-19 01:45:14.189] [NODO-0] [V=[18306, 18298, 18275]] [CONSENSO] PROPUESTA_REENVIADA — Reenviada a líder Nodo-2: CONECTADO Usuario2
[2026-06-19 01:45:14.190] [NODO-0] [V=[18307, 18298, 18281]] [CONSENSO] APPEND_RECIBIDO — Entrada recibida del líder: [T0:I7] CONECTADO Usuario2@Nodo-0
[2026-06-19 01:45:14.212] [NODO-0] [V=[-]] [SISTEMA] [MANEJADOR-Usuario2] Hilo Enviador iniciado.
[2026-06-19 01:45:30.966] [NODO-0] [V=[18368, 18360, 18344]] [CONSENSO] APPEND_RECIBIDO — Entrada recibida del líder: [T0:I8] CONECTADO Usuario3@Nodo-2
[2026-06-19 01:45:47.069] [NODO-0] [V=[18428, 18420, 18407]] [CONSENSO] APPEND_RECIBIDO — Entrada recibida del líder: [T0:I9] DESCONECTADO Usuario3@Nodo-2
[2026-06-19 01:46:04.877] [NODO-0] [V=[18491, 18483, 18472]] [CONSENSO] APPEND_RECIBIDO — Entrada recibida del líder: [T0:I10] CONECTADO Usuario3@Nodo-2
[2026-06-19 01:46:26.276] [NODO-0] [V=[-]] [SISTEMA] [MANEJADOR-Usuario2] Recibido: [01:46:26] Usuario2 -> SERVIDOR (DESCONECTAR): Desconexión voluntaria
[2026-06-19 01:46:26.276] [NODO-0] [V=[-]] [SISTEMA] [MANEJADOR-Usuario2] Desconexión voluntaria.
[2026-06-19 01:46:26.277] [NODO-0] [V=[18567, 18558, 18545]] [MENSAJE] DESCONECTADO: Usuario2 → SISTEMA "Usuario desconectado de Nodo-0"
[2026-06-19 01:46:26.277] [NODO-0] [V=[18568, 18558, 18545]] [CONSENSO] PROPUESTA_REENVIADA — Reenviada a líder Nodo-2: DESCONECTADO Usuario2
[2026-06-19 01:46:26.278] [NODO-0] [V=[-]] [SISTEMA] [MANEJADOR-Usuario2] Socket cerrado.
[2026-06-19 01:46:26.278] [NODO-0] [V=[-]] [SISTEMA] [MANEJADOR-Usuario2] Hilo finalizado.
[2026-06-19 01:46:26.279] [NODO-0] [V=[18569, 18558, 18551]] [CONSENSO] APPEND_RECIBIDO — Entrada recibida del líder: [T0:I11] DESCONECTADO Usuario2@Nodo-0
[2026-06-19 01:46:27.496] [NODO-0] [V=[18576, 18566, 18560]] [CONSENSO] APPEND_RECIBIDO — Entrada recibida del líder: [T0:I12] DESCONECTADO Usuario3@Nodo-2
[2026-06-19 01:46:45.567] [NODO-0] [V=[18641, 18634, 18627]] [CONSENSO] APPEND_RECIBIDO — Entrada recibida del líder: [T0:I13] CONECTADO Usuario2@Nodo-1
[2026-06-19 01:46:54.559] [NODO-0] [V=[18676, 18671, 18663]] [CONSENSO] APPEND_RECIBIDO — Entrada recibida del líder: [T0:I14] DESCONECTADO Usuario2@Nodo-1
[2026-06-19 01:47:53.058] [NODO-0] [V=[18883, 18878, 18874]] [CONSENSO] APPEND_RECIBIDO — Entrada recibida del líder: [T0:I15] CONECTADO Usuario3@Nodo-2
[2026-06-19 01:48:15.724] [NODO-0] [V=[18964, 18958, 18957]] [CONSENSO] APPEND_RECIBIDO — Entrada recibida del líder: [T0:I16] DESCONECTADO Usuario3@Nodo-2
[2026-06-19 01:48:16.824] [NODO-0] [V=[-]] [SISTEMA] [MANEJADOR-Usuario1] Recibido: [01:48:16] Usuario1 -> SERVIDOR (DESCONECTAR): Desconexión voluntaria
[2026-06-19 01:48:16.824] [NODO-0] [V=[-]] [SISTEMA] [MANEJADOR-Usuario1] Desconexión voluntaria.
[2026-06-19 01:48:16.825] [NODO-0] [V=[18969, 18964, 18961]] [MENSAJE] DESCONECTADO: Usuario1 → SISTEMA "Usuario desconectado de Nodo-0"
[2026-06-19 01:48:16.826] [NODO-0] [V=[18970, 18964, 18961]] [CONSENSO] PROPUESTA_REENVIADA — Reenviada a líder Nodo-2: DESCONECTADO Usuario1
[2026-06-19 01:48:16.826] [NODO-0] [V=[-]] [SISTEMA] [MANEJADOR-Usuario1] Socket cerrado.
[2026-06-19 01:48:16.827] [NODO-0] [V=[-]] [SISTEMA] [MANEJADOR-Usuario1] Hilo finalizado.
[2026-06-19 01:48:16.827] [NODO-0] [V=[18971, 18964, 18963]] [CONSENSO] APPEND_RECIBIDO — Entrada recibida del líder: [T0:I17] DESCONECTADO Usuario1@Nodo-0
[2026-06-19 02:13:39.968] [NODO-0] [V=[-]] [SISTEMA] === LOG INICIADO — Nodo 0 — 2026-06-19 02:13:39.966 ===
[2026-06-19 02:13:39.980] [NODO-0] [V=[-]] [SISTEMA] ════════════════════════════════════════════════
[2026-06-19 02:13:39.982] [NODO-0] [V=[-]] [SISTEMA]   NODO-0 — WhatsApp Distribuido Multinodo
[2026-06-19 02:13:39.982] [NODO-0] [V=[-]] [SISTEMA]   Puerto clientes: 5001
[2026-06-19 02:13:39.983] [NODO-0] [V=[-]] [SISTEMA]   Puerto inter-nodo: 5101
[2026-06-19 02:13:39.983] [NODO-0] [V=[-]] [SISTEMA]   Peers configurados: 2
[2026-06-19 02:13:39.984] [NODO-0] [V=[-]] [SISTEMA] ════════════════════════════════════════════════
[2026-06-19 02:13:40.239] [NODO-0] [V=[-]] [NODO] Escuchando conexiones inter-nodo en puerto 5101
[2026-06-19 02:13:40.740] [NODO-0] [V=[-]] [NODO] Esperando conexión con peers (máximo 10 segundos)...
[2026-06-19 02:13:45.747] [NODO-0] [V=[-]] [NODO] No se pudo conectar a Nodo-1 (localhost:5002): Connection refused: getsockopt
[2026-06-19 02:13:45.749] [NODO-0] [V=[-]] [NODO] No se pudo conectar a Nodo-2 (localhost:5003): Connection refused: getsockopt
[2026-06-19 02:13:50.342] [NODO-0] [V=[-]] [NODO] Conexión entrante aceptada de Nodo-1
[2026-06-19 02:13:50.742] [NODO-0] [V=[-]] [NODO] No se pudo conectar a Nodo-2 (localhost:5003): Connection refused: getsockopt
[2026-06-19 02:13:50.750] [NODO-0] [V=[-]] [NODO] Peers conectados: 1/2
[2026-06-19 02:13:50.752] [NODO-0] [V=[-]] [HEARTBEAT] Gestor de Heartbeats iniciado (intervalo=2000ms, maxFallos=3)
[2026-06-19 02:13:52.398] [NODO-0] [V=[3, 3, 0]] [ELECCION] COORDINADOR_ACEPTADO — Nuevo coordinador: Nodo-1 (anterior: Nodo--1)
[2026-06-19 02:13:52.755] [NODO-0] [V=[4, 3, 0]] [ELECCION] COORDINADOR_INICIAL — Coordinador inicial determinado: Nodo-1
[2026-06-19 02:13:52.756] [NODO-0] [V=[-]] [SISTEMA] Aceptando clientes en puerto 5001
[2026-06-19 02:13:55.741] [NODO-0] [V=[-]] [NODO] No se pudo conectar a Nodo-2 (localhost:5003): Connection refused: getsockopt
[2026-06-19 02:13:56.497] [NODO-0] [V=[-]] [NODO] Conexión entrante aceptada de Nodo-2
[2026-06-19 02:13:58.515] [NODO-0] [V=[19, 19, 10]] [ELECCION] COORDINADOR_ACEPTADO — Nuevo coordinador: Nodo-2 (anterior: Nodo-1)
[2026-06-19 02:14:19.679] [NODO-0] [V=[93, 92, 82]] [NODO] Nueva conexión de cliente desde 127.0.0.1
[2026-06-19 02:14:20.211] [NODO-0] [V=[-]] [SISTEMA] [MANEJADOR-NO_AUTH] Hilo finalizado.
[2026-06-19 02:14:23.748] [NODO-0] [V=[108, 106, 96]] [NODO] Nueva conexión de cliente desde 127.0.0.1
[2026-06-19 02:14:23.754] [NODO-0] [V=[-]] [SISTEMA] [MANEJADOR-Usuario1] Login exitoso.
[2026-06-19 02:14:23.757] [NODO-0] [V=[109, 106, 96]] [MENSAJE] CONECTADO: Usuario1 → SISTEMA "Usuario conectado en Nodo-0"
[2026-06-19 02:14:23.762] [NODO-0] [V=[110, 106, 96]] [CONSENSO] PROPUESTA_REENVIADA — Reenviada a líder Nodo-2: CONECTADO Usuario1
[2026-06-19 02:14:23.791] [NODO-0] [V=[111, 106, 98]] [CONSENSO] APPEND_RECIBIDO — Entrada recibida del líder: [T0:I0] CONECTADO Usuario1@Nodo-0
[2026-06-19 02:14:23.866] [NODO-0] [V=[-]] [SISTEMA] [MANEJADOR-Usuario1] Hilo Enviador iniciado.
[2026-06-19 02:14:50.850] [NODO-0] [V=[211, 209, 200]] [CONSENSO] APPEND_RECIBIDO — Entrada recibida del líder: [T0:I1] CONECTADO Usuario2@Nodo-1
[2026-06-19 02:15:38.854] [NODO-0] [V=[381, 379, 373]] [CONSENSO] APPEND_RECIBIDO — Entrada recibida del líder: [T0:I2] CONECTADO Usuario3@Nodo-2
[2026-06-19 02:15:44.918] [NODO-0] [V=[404, 402, 398]] [CONSENSO] APPEND_RECIBIDO — Entrada recibida del líder: [T0:I3] DESCONECTADO Usuario3@Nodo-2
[2026-06-19 02:17:03.240] [NODO-0] [V=[679, 679, 675]] [CONSENSO] APPEND_RECIBIDO — Entrada recibida del líder: [T0:I4] DESCONECTADO Usuario2@Nodo-1
[2026-06-19 02:17:05.348] [NODO-0] [V=[-]] [SISTEMA] [MANEJADOR-Usuario1] Recibido: [02:17:05] Usuario1 -> SERVIDOR (DESCONECTAR): Desconexión voluntaria
[2026-06-19 02:17:05.349] [NODO-0] [V=[-]] [SISTEMA] [MANEJADOR-Usuario1] Desconexión voluntaria.
[2026-06-19 02:17:05.349] [NODO-0] [V=[688, 688, 684]] [MENSAJE] DESCONECTADO: Usuario1 → SISTEMA "Usuario desconectado de Nodo-0"
[2026-06-19 02:17:05.349] [NODO-0] [V=[689, 688, 684]] [CONSENSO] PROPUESTA_REENVIADA — Reenviada a líder Nodo-2: DESCONECTADO Usuario1
[2026-06-19 02:17:05.349] [NODO-0] [V=[-]] [SISTEMA] [MANEJADOR-Usuario1] Socket cerrado.
[2026-06-19 02:17:05.352] [NODO-0] [V=[690, 688, 686]] [CONSENSO] APPEND_RECIBIDO — Entrada recibida del líder: [T0:I5] DESCONECTADO Usuario1@Nodo-0
[2026-06-19 02:17:05.362] [NODO-0] [V=[-]] [SISTEMA] [MANEJADOR-Usuario1] Hilo finalizado.
[2026-06-19 02:17:46.506] [NODO-0] [V=[-]] [FALLO] Conexión perdida con Nodo-1: Connection reset
[2026-06-19 02:17:46.507] [NODO-0] [V=[834, 831, 828]] [FALLO] ⚠ Peer desconectado: Nodo-1
[2026-06-19 02:17:50.771] [NODO-0] [V=[-]] [NODO] No se pudo conectar a Nodo-1 (localhost:5002): Connection refused: getsockopt
[2026-06-19 02:17:55.764] [NODO-0] [V=[-]] [NODO] No se pudo conectar a Nodo-1 (localhost:5002): Connection refused: getsockopt
[2026-06-19 02:18:00.752] [NODO-0] [V=[-]] [NODO] No se pudo conectar a Nodo-1 (localhost:5002): Connection refused: getsockopt
[2026-06-19 02:18:05.750] [NODO-0] [V=[-]] [NODO] No se pudo conectar a Nodo-1 (localhost:5002): Connection refused: getsockopt
[2026-06-19 02:18:10.751] [NODO-0] [V=[-]] [NODO] No se pudo conectar a Nodo-1 (localhost:5002): Connection refused: getsockopt
[2026-06-19 02:18:15.752] [NODO-0] [V=[-]] [NODO] No se pudo conectar a Nodo-1 (localhost:5002): Connection refused: getsockopt
[2026-06-19 02:18:20.654] [NODO-0] [V=[905, 831, 900]] [NODO] Nueva conexión de cliente desde 127.0.0.1
[2026-06-19 02:18:20.680] [NODO-0] [V=[-]] [SISTEMA] [MANEJADOR-Usuario1] Login exitoso.
[2026-06-19 02:18:20.680] [NODO-0] [V=[906, 831, 900]] [MENSAJE] CONECTADO: Usuario1 → SISTEMA "Usuario conectado en Nodo-0"
[2026-06-19 02:18:20.680] [NODO-0] [V=[907, 831, 900]] [CONSENSO] PROPUESTA_REENVIADA — Reenviada a líder Nodo-2: CONECTADO Usuario1
[2026-06-19 02:18:20.683] [NODO-0] [V=[908, 831, 903]] [CONSENSO] APPEND_RECIBIDO — Entrada recibida del líder: [T0:I6] CONECTADO Usuario1@Nodo-0
[2026-06-19 02:18:20.709] [NODO-0] [V=[-]] [SISTEMA] [MANEJADOR-Usuario1] Hilo Enviador iniciado.
[2026-06-19 02:18:20.751] [NODO-0] [V=[-]] [NODO] No se pudo conectar a Nodo-1 (localhost:5002): Connection refused: getsockopt
[2026-06-19 02:18:25.741] [NODO-0] [V=[-]] [NODO] No se pudo conectar a Nodo-1 (localhost:5002): Connection refused: getsockopt
[2026-06-19 02:18:30.752] [NODO-0] [V=[-]] [NODO] No se pudo conectar a Nodo-1 (localhost:5002): Connection refused: getsockopt
[2026-06-19 02:18:31.865] [NODO-0] [V=[-]] [SISTEMA] [MANEJADOR-Usuario1] Recibido: [02:18:31] Usuario1 -> Usuario2 (TEXTO): hola
[2026-06-19 02:18:31.866] [NODO-0] [V=[932, 831, 926]] [MENSAJE] TEXTO: Usuario1 → Usuario2 "hola"
[2026-06-19 02:18:31.879] [NODO-0] [V=[932, 831, 926]] [MENSAJE] Mensaje guardado offline para Usuario2
[2026-06-19 02:18:35.751] [NODO-0] [V=[-]] [NODO] No se pudo conectar a Nodo-1 (localhost:5002): Connection refused: getsockopt
[2026-06-19 02:18:40.741] [NODO-0] [V=[-]] [NODO] No se pudo conectar a Nodo-1 (localhost:5002): Connection refused: getsockopt
[2026-06-19 02:18:43.381] [NODO-0] [V=[-]] [SISTEMA] [MANEJADOR-Usuario1] Recibido: [02:18:43] Usuario1 -> SERVIDOR (DESCONECTAR): Desconexión voluntaria
[2026-06-19 02:18:43.381] [NODO-0] [V=[-]] [SISTEMA] [MANEJADOR-Usuario1] Desconexión voluntaria.
[2026-06-19 02:18:43.382] [NODO-0] [V=[957, 831, 950]] [MENSAJE] DESCONECTADO: Usuario1 → SISTEMA "Usuario desconectado de Nodo-0"
[2026-06-19 02:18:43.382] [NODO-0] [V=[958, 831, 950]] [CONSENSO] PROPUESTA_REENVIADA — Reenviada a líder Nodo-2: DESCONECTADO Usuario1
[2026-06-19 02:18:43.383] [NODO-0] [V=[-]] [SISTEMA] [MANEJADOR-Usuario1] Socket cerrado.
[2026-06-19 02:18:43.385] [NODO-0] [V=[-]] [SISTEMA] [MANEJADOR-Usuario1] Hilo finalizado.
[2026-06-19 02:18:43.385] [NODO-0] [V=[959, 831, 952]] [CONSENSO] APPEND_RECIBIDO — Entrada recibida del líder: [T0:I7] DESCONECTADO Usuario1@Nodo-0
[2026-06-19 02:18:45.751] [NODO-0] [V=[-]] [NODO] No se pudo conectar a Nodo-1 (localhost:5002): Connection refused: getsockopt
[2026-06-19 02:18:50.751] [NODO-0] [V=[-]] [NODO] No se pudo conectar a Nodo-1 (localhost:5002): Connection refused: getsockopt
[2026-06-19 02:18:55.750] [NODO-0] [V=[-]] [NODO] No se pudo conectar a Nodo-1 (localhost:5002): Connection refused: getsockopt
[2026-06-19 02:19:00.751] [NODO-0] [V=[-]] [NODO] No se pudo conectar a Nodo-1 (localhost:5002): Connection refused: getsockopt
[2026-06-19 02:19:04.285] [NODO-0] [V=[1001, 831, 996]] [CONSENSO] APPEND_RECIBIDO — Entrada recibida del líder: [T0:I8] CONECTADO Usuario2@Nodo-2
[2026-06-19 02:19:05.752] [NODO-0] [V=[-]] [NODO] No se pudo conectar a Nodo-1 (localhost:5002): Connection refused: getsockopt
[2026-06-19 02:19:10.751] [NODO-0] [V=[-]] [NODO] No se pudo conectar a Nodo-1 (localhost:5002): Connection refused: getsockopt
[2026-06-19 02:19:15.751] [NODO-0] [V=[-]] [NODO] No se pudo conectar a Nodo-1 (localhost:5002): Connection refused: getsockopt
[2026-06-19 02:19:20.752] [NODO-0] [V=[-]] [NODO] No se pudo conectar a Nodo-1 (localhost:5002): Connection refused: getsockopt
[2026-06-19 02:19:25.750] [NODO-0] [V=[-]] [NODO] No se pudo conectar a Nodo-1 (localhost:5002): Connection refused: getsockopt
[2026-06-19 02:19:27.477] [NODO-0] [V=[-]] [SISTEMA] === LOG INICIADO — Nodo 0 — 2026-06-19 02:19:27.475 ===
[2026-06-19 02:19:27.486] [NODO-0] [V=[-]] [SISTEMA] ════════════════════════════════════════════════
[2026-06-19 02:19:27.488] [NODO-0] [V=[-]] [SISTEMA]   NODO-0 — WhatsApp Distribuido Multinodo
[2026-06-19 02:19:27.489] [NODO-0] [V=[-]] [SISTEMA]   Puerto clientes: 5001
[2026-06-19 02:19:27.490] [NODO-0] [V=[-]] [SISTEMA]   Puerto inter-nodo: 5101
[2026-06-19 02:19:27.490] [NODO-0] [V=[-]] [SISTEMA]   Peers configurados: 2
[2026-06-19 02:19:27.490] [NODO-0] [V=[-]] [SISTEMA] ════════════════════════════════════════════════
[2026-06-19 02:19:27.742] [NODO-0] [V=[-]] [FALLO] Error en servidor inter-nodo: Address already in use: bind
[2026-06-19 02:19:28.244] [NODO-0] [V=[-]] [NODO] Esperando conexión con peers (máximo 10 segundos)...
[2026-06-19 02:19:30.751] [NODO-0] [V=[-]] [NODO] No se pudo conectar a Nodo-1 (localhost:5002): Connection refused: getsockopt
[2026-06-19 02:19:33.261] [NODO-0] [V=[-]] [NODO] No se pudo conectar a Nodo-1 (localhost:5002): Connection refused: getsockopt
[2026-06-19 02:19:33.275] [NODO-0] [V=[-]] [NODO] Conectado exitosamente a Nodo-2 (localhost:5003)
[2026-06-19 02:19:33.279] [NODO-0] [V=[1, 0, 0]] [NODO] Nodo-2 se unió al sistema
[2026-06-19 02:19:33.751] [NODO-0] [V=[-]] [NODO] Peers conectados: 1/2
[2026-06-19 02:19:33.752] [NODO-0] [V=[-]] [HEARTBEAT] Gestor de Heartbeats iniciado (intervalo=2000ms, maxFallos=3)
[2026-06-19 02:19:35.751] [NODO-0] [V=[-]] [NODO] No se pudo conectar a Nodo-1 (localhost:5002): Connection refused: getsockopt
[2026-06-19 02:19:35.754] [NODO-0] [V=[1064, 831, 1061]] [ELECCION] COORDINADOR_INICIAL — Coordinador inicial determinado: Nodo-2
[2026-06-19 02:19:35.755] [NODO-0] [V=[-]] [FALLO] Error en servidor de clientes: Address already in use: bind
[2026-06-19 02:19:38.255] [NODO-0] [V=[-]] [NODO] No se pudo conectar a Nodo-1 (localhost:5002): Connection refused: getsockopt
[2026-06-19 02:19:40.751] [NODO-0] [V=[-]] [NODO] No se pudo conectar a Nodo-1 (localhost:5002): Connection refused: getsockopt
[2026-06-19 02:19:43.256] [NODO-0] [V=[-]] [NODO] No se pudo conectar a Nodo-1 (localhost:5002): Connection refused: getsockopt
[2026-06-19 02:19:45.741] [NODO-0] [V=[-]] [NODO] No se pudo conectar a Nodo-1 (localhost:5002): Connection refused: getsockopt
[2026-06-19 02:19:48.256] [NODO-0] [V=[-]] [NODO] No se pudo conectar a Nodo-1 (localhost:5002): Connection refused: getsockopt
[2026-06-19 02:19:50.752] [NODO-0] [V=[-]] [NODO] No se pudo conectar a Nodo-1 (localhost:5002): Connection refused: getsockopt
[2026-06-19 02:19:53.256] [NODO-0] [V=[-]] [NODO] No se pudo conectar a Nodo-1 (localhost:5002): Connection refused: getsockopt
[2026-06-19 02:19:55.740] [NODO-0] [V=[-]] [NODO] No se pudo conectar a Nodo-1 (localhost:5002): Connection refused: getsockopt
[2026-06-19 02:19:56.508] [NODO-0] [V=[-]] [NODO] Conexión entrante aceptada de Nodo-2
[2026-06-19 02:20:00.752] [NODO-0] [V=[-]] [NODO] No se pudo conectar a Nodo-1 (localhost:5002): Connection refused: getsockopt
[2026-06-19 02:20:05.753] [NODO-0] [V=[-]] [NODO] No se pudo conectar a Nodo-1 (localhost:5002): Connection refused: getsockopt
[2026-06-19 02:20:10.751] [NODO-0] [V=[-]] [NODO] No se pudo conectar a Nodo-1 (localhost:5002): Connection refused: getsockopt
[2026-06-19 02:20:15.421] [NODO-0] [V=[-]] [NODO] Conexión entrante aceptada de Nodo-1
[2026-06-19 17:05:40.892] [NODO-0] [V=[-]] [SISTEMA] === LOG INICIADO — Nodo 0 — 2026-06-19 17:05:40.890 ===
[2026-06-19 17:05:40.903] [NODO-0] [V=[-]] [SISTEMA] ════════════════════════════════════════════════
[2026-06-19 17:05:40.905] [NODO-0] [V=[-]] [SISTEMA]   NODO-0 — WhatsApp Distribuido Multinodo
[2026-06-19 17:05:40.905] [NODO-0] [V=[-]] [SISTEMA]   Puerto clientes: 5001
[2026-06-19 17:05:40.906] [NODO-0] [V=[-]] [SISTEMA]   Puerto inter-nodo: 5101
[2026-06-19 17:05:40.906] [NODO-0] [V=[-]] [SISTEMA]   Peers configurados: 2
[2026-06-19 17:05:40.907] [NODO-0] [V=[-]] [SISTEMA] ════════════════════════════════════════════════
[2026-06-19 17:05:41.253] [NODO-0] [V=[-]] [NODO] Escuchando conexiones inter-nodo en puerto 5101
[2026-06-19 17:05:41.773] [NODO-0] [V=[-]] [NODO] Esperando conexión con peers (máximo 10 segundos)...
[2026-06-19 17:05:46.786] [NODO-0] [V=[-]] [NODO] No se pudo conectar a Nodo-1 (localhost:5002): Connection refused: getsockopt
[2026-06-19 17:05:46.787] [NODO-0] [V=[-]] [NODO] No se pudo conectar a Nodo-2 (localhost:5003): Connection refused: getsockopt
[2026-06-19 17:05:51.785] [NODO-0] [V=[-]] [NODO] No se pudo conectar a Nodo-1 (localhost:5002): Connection refused: getsockopt
[2026-06-19 17:05:51.788] [NODO-0] [V=[-]] [NODO] Peers conectados: 0/2
[2026-06-19 17:05:51.790] [NODO-0] [V=[-]] [HEARTBEAT] Gestor de Heartbeats iniciado (intervalo=2000ms, maxFallos=3)
[2026-06-19 17:05:51.796] [NODO-0] [V=[-]] [NODO] No se pudo conectar a Nodo-2 (localhost:5003): Connection refused: getsockopt
[2026-06-19 17:05:53.791] [NODO-0] [V=[1, 0, 0]] [ELECCION] COORDINADOR_INICIAL — Coordinador inicial determinado: Nodo-0
[2026-06-19 17:05:53.792] [NODO-0] [V=[2, 0, 0]] [ELECCION] NUEVO_COORDINADOR — ★ Nodo-0 es el nuevo COORDINADOR ★
[2026-06-19 17:05:53.794] [NODO-0] [V=[-]] [SISTEMA] Aceptando clientes en puerto 5001
[2026-06-19 17:05:56.784] [NODO-0] [V=[-]] [NODO] No se pudo conectar a Nodo-1 (localhost:5002): Connection refused: getsockopt
[2026-06-19 17:05:56.784] [NODO-0] [V=[-]] [NODO] No se pudo conectar a Nodo-2 (localhost:5003): Connection refused: getsockopt
[2026-06-19 17:06:01.785] [NODO-0] [V=[-]] [NODO] No se pudo conectar a Nodo-1 (localhost:5002): Connection refused: getsockopt
[2026-06-19 17:06:01.786] [NODO-0] [V=[-]] [NODO] No se pudo conectar a Nodo-2 (localhost:5003): Connection refused: getsockopt
[2026-06-19 17:06:06.775] [NODO-0] [V=[-]] [NODO] No se pudo conectar a Nodo-1 (localhost:5002): Connection refused: getsockopt
[2026-06-19 17:06:06.787] [NODO-0] [V=[-]] [NODO] No se pudo conectar a Nodo-2 (localhost:5003): Connection refused: getsockopt
[2026-06-19 17:06:11.786] [NODO-0] [V=[-]] [NODO] No se pudo conectar a Nodo-1 (localhost:5002): Connection refused: getsockopt
[2026-06-19 17:06:11.797] [NODO-0] [V=[-]] [NODO] No se pudo conectar a Nodo-2 (localhost:5003): Connection refused: getsockopt
[2026-06-19 17:06:16.787] [NODO-0] [V=[-]] [NODO] No se pudo conectar a Nodo-1 (localhost:5002): Connection refused: getsockopt
[2026-06-19 17:06:16.798] [NODO-0] [V=[-]] [NODO] No se pudo conectar a Nodo-2 (localhost:5003): Connection refused: getsockopt
[2026-06-19 17:06:21.786] [NODO-0] [V=[-]] [NODO] No se pudo conectar a Nodo-1 (localhost:5002): Connection refused: getsockopt
[2026-06-19 17:06:21.796] [NODO-0] [V=[-]] [NODO] No se pudo conectar a Nodo-2 (localhost:5003): Connection refused: getsockopt
[2026-06-19 17:06:26.787] [NODO-0] [V=[-]] [NODO] No se pudo conectar a Nodo-1 (localhost:5002): Connection refused: getsockopt
[2026-06-19 17:06:26.790] [NODO-0] [V=[-]] [NODO] No se pudo conectar a Nodo-2 (localhost:5003): Connection refused: getsockopt
[2026-06-19 17:06:31.786] [NODO-0] [V=[-]] [NODO] No se pudo conectar a Nodo-1 (localhost:5002): Connection refused: getsockopt
[2026-06-19 17:06:31.797] [NODO-0] [V=[-]] [NODO] No se pudo conectar a Nodo-2 (localhost:5003): Connection refused: getsockopt
[2026-06-19 17:06:36.743] [NODO-0] [V=[-]] [NODO] Conexión entrante aceptada de Nodo-1
[2026-06-19 17:06:36.774] [NODO-0] [V=[-]] [NODO] No se pudo conectar a Nodo-2 (localhost:5003): Connection refused: getsockopt
[2026-06-19 17:06:38.754] [NODO-0] [V=[28, 5, 0]] [ELECCION] COORDINADOR_ACEPTADO — Nuevo coordinador: Nodo-1 (anterior: Nodo-0)
[2026-06-19 17:06:41.786] [NODO-0] [V=[-]] [NODO] No se pudo conectar a Nodo-2 (localhost:5003): Connection refused: getsockopt
[2026-06-19 17:06:46.784] [NODO-0] [V=[-]] [NODO] No se pudo conectar a Nodo-2 (localhost:5003): Connection refused: getsockopt
[2026-06-19 17:06:49.098] [NODO-0] [V=[-]] [NODO] Conexión entrante aceptada de Nodo-2
[2026-06-19 17:06:51.117] [NODO-0] [V=[56, 29, 8]] [ELECCION] COORDINADOR_ACEPTADO — Nuevo coordinador: Nodo-2 (anterior: Nodo-1)
[2026-06-19 17:07:39.601] [NODO-0] [V=[225, 198, 176]] [NODO] Nueva conexión de cliente desde 127.0.0.1
[2026-06-19 17:07:39.638] [NODO-0] [V=[-]] [SISTEMA] [MANEJADOR-Usuario1] Login exitoso.
[2026-06-19 17:07:39.639] [NODO-0] [V=[226, 198, 176]] [MENSAJE] CONECTADO: Usuario1 → SISTEMA "Usuario conectado en Nodo-0"
[2026-06-19 17:07:39.642] [NODO-0] [V=[227, 198, 176]] [CONSENSO] PROPUESTA_REENVIADA — Reenviada a líder Nodo-2: CONECTADO Usuario1
[2026-06-19 17:07:39.676] [NODO-0] [V=[228, 202, 180]] [CONSENSO] APPEND_RECIBIDO — Entrada recibida del líder: [T0:I0] CONECTADO Usuario1@Nodo-0
[2026-06-19 17:07:39.796] [NODO-0] [V=[-]] [SISTEMA] [MANEJADOR-Usuario1] Hilo Enviador iniciado.
[2026-06-19 17:08:34.234] [NODO-0] [V=[422, 398, 375]] [CONSENSO] APPEND_RECIBIDO — Entrada recibida del líder: [T0:I1] CONECTADO Usuario2@Nodo-1
[2026-06-19 17:08:46.733] [NODO-0] [V=[-]] [SISTEMA] [MANEJADOR-Usuario1] Recibido: [17:08:46] Usuario1 -> Usuario2 (TEXTO): hola
[2026-06-19 17:08:46.733] [NODO-0] [V=[466, 442, 419]] [MENSAJE] TEXTO: Usuario1 → Usuario2 "hola"
[2026-06-19 17:08:46.733] [NODO-0] [V=[466, 442, 419]] [MENSAJE] Mensaje reenviado a Nodo-1 para Usuario2
[2026-06-19 17:08:46.738] [NODO-0] [V=[467, 442, 419]] [MUTEX] REQUEST_INICIO — Solicitando acceso a SC. Esperando 2 respuestas
[2026-06-19 17:08:46.746] [NODO-0] [V=[467, 442, 419]] [MUTEX] REQUEST_ENVIADO — → Nodo-1
[2026-06-19 17:08:46.748] [NODO-0] [V=[468, 445, 419]] [MUTEX] REPLY_RECIBIDO — De Nodo-1
[2026-06-19 17:08:46.755] [NODO-0] [V=[469, 445, 421]] [MUTEX] REPLY_RECIBIDO — De Nodo-2
[2026-06-19 17:08:46.751] [NODO-0] [V=[467, 442, 419]] [MUTEX] REQUEST_ENVIADO — → Nodo-2
[2026-06-19 17:08:46.758] [NODO-0] [V=[471, 446, 421]] [MUTEX] SC_ENTRADA — ★ Entró a la Sección Crítica (todas las respuestas recibidas)
[2026-06-19 17:08:46.782] [NODO-0] [V=[472, 446, 421]] [MUTEX] SC_SALIDA — Salió de la Sección Crítica. Respondiendo a 0 solicitudes diferidas.
[2026-06-19 17:31:28.744] [NODO-0] [V=[-]] [SISTEMA] === LOG INICIADO — Nodo 0 — 2026-06-19 17:31:28.741 ===
[2026-06-19 17:31:28.756] [NODO-0] [V=[-]] [SISTEMA] ════════════════════════════════════════════════
[2026-06-19 17:31:28.758] [NODO-0] [V=[-]] [SISTEMA]   NODO-0 — WhatsApp Distribuido Multinodo
[2026-06-19 17:31:28.758] [NODO-0] [V=[-]] [SISTEMA]   Puerto clientes: 5001
[2026-06-19 17:31:28.758] [NODO-0] [V=[-]] [SISTEMA]   Puerto inter-nodo: 5101
[2026-06-19 17:31:28.760] [NODO-0] [V=[-]] [SISTEMA]   Peers configurados: 2
[2026-06-19 17:31:28.760] [NODO-0] [V=[-]] [SISTEMA] ════════════════════════════════════════════════
[2026-06-19 17:31:29.098] [NODO-0] [V=[-]] [NODO] Escuchando conexiones inter-nodo en puerto 5101
[2026-06-19 17:31:29.599] [NODO-0] [V=[-]] [NODO] Esperando conexión con peers (máximo 10 segundos)...
[2026-06-19 17:31:31.660] [NODO-0] [V=[-]] [NODO] Conexión entrante aceptada de Nodo-1
[2026-06-19 17:31:32.105] [NODO-0] [V=[-]] [NODO] Peers conectados: 1/2
[2026-06-19 17:31:32.107] [NODO-0] [V=[-]] [HEARTBEAT] Gestor de Heartbeats iniciado (intervalo=2000ms, maxFallos=3)
[2026-06-19 17:31:33.707] [NODO-0] [V=[1, 2, 0]] [ELECCION] COORDINADOR_ACEPTADO — Nuevo coordinador: Nodo-1 (anterior: Nodo--1)
[2026-06-19 17:31:34.113] [NODO-0] [V=[3, 3, 0]] [ELECCION] COORDINADOR_INICIAL — Coordinador inicial determinado: Nodo-1
[2026-06-19 17:31:34.116] [NODO-0] [V=[-]] [SISTEMA] Aceptando clientes en puerto 5001
[2026-06-19 17:31:34.295] [NODO-0] [V=[-]] [NODO] Conexión entrante aceptada de Nodo-2
[2026-06-19 17:31:36.319] [NODO-0] [V=[11, 11, 7]] [ELECCION] COORDINADOR_ACEPTADO — Nuevo coordinador: Nodo-2 (anterior: Nodo-1)
[2026-06-19 17:31:51.192] [NODO-0] [V=[63, 63, 62]] [CONSENSO] APPEND_RECIBIDO — Entrada recibida del líder: [T0:I0] CONECTADO Usuario4@Nodo-2
