[2026-06-19 00:18:22.201] [NODO-2] [V=[-]] [SISTEMA] === LOG INICIADO — Nodo 2 — 2026-06-19 00:18:22.199 ===
[2026-06-19 00:18:22.211] [NODO-2] [V=[-]] [SISTEMA] ════════════════════════════════════════════════
[2026-06-19 00:18:22.213] [NODO-2] [V=[-]] [SISTEMA]   NODO-2 — WhatsApp Distribuido Multinodo
[2026-06-19 00:18:22.213] [NODO-2] [V=[-]] [SISTEMA]   Puerto clientes: 5003
[2026-06-19 00:18:22.213] [NODO-2] [V=[-]] [SISTEMA]   Puerto inter-nodo: 5103
[2026-06-19 00:18:22.214] [NODO-2] [V=[-]] [SISTEMA]   Peers configurados: 2
[2026-06-19 00:18:22.215] [NODO-2] [V=[-]] [SISTEMA] ════════════════════════════════════════════════
[2026-06-19 00:18:22.490] [NODO-2] [V=[-]] [NODO] Escuchando conexiones inter-nodo en puerto 5103
[2026-06-19 00:18:22.649] [NODO-2] [V=[-]] [NODO] Conexión entrante aceptada de Nodo-1
[2026-06-19 00:18:22.992] [NODO-2] [V=[-]] [NODO] Conectado exitosamente a Nodo-0 (localhost:5001)
[2026-06-19 00:18:22.996] [NODO-2] [V=[0, 0, 1]] [NODO] Nodo-0 se unió al sistema
[2026-06-19 00:18:22.996] [NODO-2] [V=[-]] [NODO] Esperando conexión con peers (máximo 10 segundos)...
[2026-06-19 00:18:22.998] [NODO-2] [V=[-]] [NODO] Peers conectados: 2/2
[2026-06-19 00:18:22.999] [NODO-2] [V=[-]] [HEARTBEAT] Gestor de Heartbeats iniciado (intervalo=2000ms, maxFallos=3)
[2026-06-19 00:18:25.000] [NODO-2] [V=[36, 34, 5]] [ELECCION] COORDINADOR_INICIAL — Coordinador inicial determinado: Nodo-2
[2026-06-19 00:18:25.001] [NODO-2] [V=[36, 34, 7]] [ELECCION] NUEVO_COORDINADOR — ★ Nodo-2 es el nuevo COORDINADOR ★
[2026-06-19 00:18:25.003] [NODO-2] [V=[-]] [SISTEMA] Aceptando clientes en puerto 5003
[2026-06-19 00:21:09.999] [NODO-2] [V=[620, 616, 586]] [CONSENSO] PROPUESTA_LIDER — Nueva entrada: [T0:I0] CONECTADO Usuario1@Nodo-0
[2026-06-19 00:21:10.003] [NODO-2] [V=[620, 616, 587]] [CONSENSO] APPEND_ENVIADO — Entrada [T0:I0] CONECTADO Usuario1@Nodo-0 enviada a seguidores
[2026-06-19 00:21:10.020] [NODO-2] [V=[622, 620, 589]] [CONSENSO] ACK_RECIBIDO — ACK de Nodo-0 para entrada 0 (total ACKs: 3/3)
[2026-06-19 00:21:10.020] [NODO-2] [V=[622, 620, 589]] [CONSENSO] ACK_RECIBIDO — ACK de Nodo-1 para entrada 0 (total ACKs: 3/3)
[2026-06-19 00:21:10.029] [NODO-2] [V=[622, 620, 589]] [CONSENSO] COMMIT — ★ Entrada commiteada por quórum (3/3): [T0:I0] CONECTADO Usuario1@Nodo-0
[2026-06-19 00:21:42.247] [NODO-2] [V=[734, 735, 702]] [CONSENSO] PROPUESTA_LIDER — Nueva entrada: [T0:I1] CONECTADO Usuario2@Nodo-1
[2026-06-19 00:21:42.248] [NODO-2] [V=[734, 735, 703]] [CONSENSO] APPEND_ENVIADO — Entrada [T0:I1] CONECTADO Usuario2@Nodo-1 enviada a seguidores
[2026-06-19 00:21:42.251] [NODO-2] [V=[736, 735, 704]] [CONSENSO] ACK_RECIBIDO — ACK de Nodo-0 para entrada 1 (total ACKs: 2/3)
[2026-06-19 00:21:42.251] [NODO-2] [V=[736, 737, 705]] [CONSENSO] ACK_RECIBIDO — ACK de Nodo-1 para entrada 1 (total ACKs: 3/3)
[2026-06-19 00:21:42.251] [NODO-2] [V=[736, 737, 705]] [CONSENSO] COMMIT — ★ Entrada commiteada por quórum (3/3): [T0:I1] CONECTADO Usuario2@Nodo-1
[2026-06-19 00:22:15.067] [NODO-2] [V=[853, 853, 823]] [NODO] Nueva conexión de cliente desde 127.0.0.1
[2026-06-19 00:22:15.086] [NODO-2] [V=[-]] [SISTEMA] [MANEJADOR-Usuario3] Cuenta creada exitosamente.
[2026-06-19 00:22:15.087] [NODO-2] [V=[853, 853, 824]] [MENSAJE] CONECTADO: Usuario3 → SISTEMA "Usuario conectado en Nodo-2"
[2026-06-19 00:22:15.088] [NODO-2] [V=[853, 853, 824]] [CONSENSO] PROPUESTA_LIDER — Nueva entrada: [T0:I2] CONECTADO Usuario3@Nodo-2
[2026-06-19 00:22:15.089] [NODO-2] [V=[853, 853, 825]] [CONSENSO] APPEND_ENVIADO — Entrada [T0:I2] CONECTADO Usuario3@Nodo-2 enviada a seguidores
[2026-06-19 00:22:15.090] [NODO-2] [V=[855, 853, 826]] [CONSENSO] ACK_RECIBIDO — ACK de Nodo-0 para entrada 2 (total ACKs: 2/3)
[2026-06-19 00:22:15.091] [NODO-2] [V=[855, 855, 827]] [CONSENSO] ACK_RECIBIDO — ACK de Nodo-1 para entrada 2 (total ACKs: 3/3)
[2026-06-19 00:22:15.091] [NODO-2] [V=[855, 855, 827]] [CONSENSO] COMMIT — ★ Entrada commiteada por quórum (3/3): [T0:I2] CONECTADO Usuario3@Nodo-2
[2026-06-19 00:22:15.128] [NODO-2] [V=[-]] [SISTEMA] [MANEJADOR-Usuario3] Hilo Enviador iniciado.
[2026-06-19 00:24:01.197] [NODO-2] [V=[-]] [SISTEMA] [MANEJADOR-Usuario3] Recibido: [00:24:01] Usuario3 -> Usuario1 (TEXTO): esto es una prueba desde USUARIO 3 PARA USUARIO 1
[2026-06-19 00:24:01.197] [NODO-2] [V=[1226, 1226, 1199]] [MENSAJE] TEXTO: Usuario3 → Usuario1 "esto es una prueba desde USUARIO 3 PARA USUARIO 1"
[2026-06-19 00:24:01.198] [NODO-2] [V=[1226, 1226, 1199]] [MENSAJE] Mensaje reenviado a Nodo-0 para Usuario1
[2026-06-19 00:24:01.200] [NODO-2] [V=[1226, 1226, 1200]] [MUTEX] REQUEST_INICIO — Solicitando acceso a SC. Esperando 2 respuestas
[2026-06-19 00:24:01.207] [NODO-2] [V=[1226, 1226, 1200]] [MUTEX] REQUEST_ENVIADO — → Nodo-0
[2026-06-19 00:24:01.208] [NODO-2] [V=[1226, 1226, 1200]] [MUTEX] REQUEST_ENVIADO — → Nodo-1
[2026-06-19 00:24:01.209] [NODO-2] [V=[1229, 1226, 1201]] [MUTEX] REPLY_RECIBIDO — De Nodo-0
[2026-06-19 00:24:01.210] [NODO-2] [V=[1229, 1228, 1202]] [MUTEX] REPLY_RECIBIDO — De Nodo-1
[2026-06-19 00:24:01.211] [NODO-2] [V=[1229, 1228, 1202]] [MUTEX] SC_ENTRADA — ★ Entró a la Sección Crítica (todas las respuestas recibidas)
[2026-06-19 00:24:01.275] [NODO-2] [V=[1229, 1228, 1203]] [MUTEX] SC_SALIDA — Salió de la Sección Crítica. Respondiendo a 0 solicitudes diferidas.
[2026-06-19 00:32:24.239] [NODO-2] [V=[2989, 2986, 2963]] [MENSAJE] Mensaje inter-nodo entregado a Usuario3
[2026-06-19 00:32:24.256] [NODO-2] [V=[2990, 2986, 2964]] [MUTEX] REQUEST_RECIBIDO — De Nodo-0. No estoy en SC ni solicitando → REPLY inmediato
[2026-06-19 00:32:24.257] [NODO-2] [V=[2990, 2986, 2965]] [MUTEX] REPLY_ENVIADO — → Nodo-0
[2026-06-19 00:32:49.773] [NODO-2] [V=[3084, 3082, 3057]] [MENSAJE] Mensaje inter-nodo entregado a Usuario3
[2026-06-19 00:32:49.781] [NODO-2] [V=[3084, 3083, 3058]] [MUTEX] REQUEST_RECIBIDO — De Nodo-1. No estoy en SC ni solicitando → REPLY inmediato
[2026-06-19 00:32:49.783] [NODO-2] [V=[3084, 3083, 3059]] [MUTEX] REPLY_ENVIADO — → Nodo-1
[2026-06-19 01:44:24.563] [NODO-2] [V=[-]] [SISTEMA] [MANEJADOR-Usuario3] Recibido: [01:44:24] Usuario3 -> SERVIDOR (DESCONECTAR): Desconexión voluntaria
[2026-06-19 01:44:24.564] [NODO-2] [V=[-]] [SISTEMA] [MANEJADOR-Usuario3] Desconexión voluntaria.
[2026-06-19 01:44:24.565] [NODO-2] [V=[18116, 18113, 18091]] [MENSAJE] DESCONECTADO: Usuario3 → SISTEMA "Usuario desconectado de Nodo-2"
[2026-06-19 01:44:24.566] [NODO-2] [V=[18116, 18113, 18091]] [CONSENSO] PROPUESTA_LIDER — Nueva entrada: [T0:I3] DESCONECTADO Usuario3@Nodo-2
[2026-06-19 01:44:24.567] [NODO-2] [V=[18116, 18113, 18092]] [CONSENSO] APPEND_ENVIADO — Entrada [T0:I3] DESCONECTADO Usuario3@Nodo-2 enviada a seguidores
[2026-06-19 01:44:24.568] [NODO-2] [V=[-]] [SISTEMA] [MANEJADOR-Usuario3] Socket cerrado.
[2026-06-19 01:44:24.569] [NODO-2] [V=[18120, 18117, 18093]] [CONSENSO] ACK_RECIBIDO — ACK de Nodo-0 para entrada 3 (total ACKs: 2/3)
[2026-06-19 01:44:24.569] [NODO-2] [V=[-]] [SISTEMA] [MANEJADOR-Usuario3] Hilo finalizado.
[2026-06-19 01:44:24.570] [NODO-2] [V=[18120, 18119, 18094]] [CONSENSO] ACK_RECIBIDO — ACK de Nodo-1 para entrada 3 (total ACKs: 3/3)
[2026-06-19 01:44:24.570] [NODO-2] [V=[18120, 18117, 18093]] [CONSENSO] COMMIT — ★ Entrada commiteada por quórum (2/3): [T0:I3] DESCONECTADO Usuario3@Nodo-2
[2026-06-19 01:44:25.403] [NODO-2] [V=[18122, 18123, 18098]] [CONSENSO] PROPUESTA_LIDER — Nueva entrada: [T0:I4] DESCONECTADO Usuario2@Nodo-1
[2026-06-19 01:44:25.404] [NODO-2] [V=[18122, 18123, 18099]] [CONSENSO] APPEND_ENVIADO — Entrada [T0:I4] DESCONECTADO Usuario2@Nodo-1 enviada a seguidores
[2026-06-19 01:44:25.405] [NODO-2] [V=[18124, 18123, 18100]] [CONSENSO] ACK_RECIBIDO — ACK de Nodo-0 para entrada 4 (total ACKs: 2/3)
[2026-06-19 01:44:25.406] [NODO-2] [V=[18124, 18123, 18100]] [CONSENSO] COMMIT — ★ Entrada commiteada por quórum (2/3): [T0:I4] DESCONECTADO Usuario2@Nodo-1
[2026-06-19 01:44:25.409] [NODO-2] [V=[18124, 18125, 18101]] [CONSENSO] ACK_RECIBIDO — ACK de Nodo-1 para entrada 4 (total ACKs: 3/3)
[2026-06-19 01:44:26.321] [NODO-2] [V=[18128, 18126, 18104]] [CONSENSO] PROPUESTA_LIDER — Nueva entrada: [T0:I5] DESCONECTADO Usuario1@Nodo-0
[2026-06-19 01:44:26.322] [NODO-2] [V=[18128, 18126, 18105]] [CONSENSO] APPEND_ENVIADO — Entrada [T0:I5] DESCONECTADO Usuario1@Nodo-0 enviada a seguidores
[2026-06-19 01:44:26.323] [NODO-2] [V=[18128, 18130, 18106]] [CONSENSO] ACK_RECIBIDO — ACK de Nodo-1 para entrada 5 (total ACKs: 2/3)
[2026-06-19 01:44:26.325] [NODO-2] [V=[18128, 18130, 18106]] [CONSENSO] COMMIT — ★ Entrada commiteada por quórum (2/3): [T0:I5] DESCONECTADO Usuario1@Nodo-0
[2026-06-19 01:44:26.327] [NODO-2] [V=[18130, 18130, 18107]] [CONSENSO] ACK_RECIBIDO — ACK de Nodo-0 para entrada 5 (total ACKs: 3/3)
[2026-06-19 01:44:57.687] [NODO-2] [V=[18245, 18240, 18220]] [CONSENSO] PROPUESTA_LIDER — Nueva entrada: [T0:I6] CONECTADO Usuario1@Nodo-0
[2026-06-19 01:44:57.689] [NODO-2] [V=[18245, 18240, 18221]] [CONSENSO] APPEND_ENVIADO — Entrada [T0:I6] CONECTADO Usuario1@Nodo-0 enviada a seguidores
[2026-06-19 01:44:57.690] [NODO-2] [V=[18247, 18240, 18222]] [CONSENSO] ACK_RECIBIDO — ACK de Nodo-0 para entrada 6 (total ACKs: 2/3)
[2026-06-19 01:44:57.690] [NODO-2] [V=[18247, 18244, 18223]] [CONSENSO] ACK_RECIBIDO — ACK de Nodo-1 para entrada 6 (total ACKs: 3/3)
[2026-06-19 01:44:57.691] [NODO-2] [V=[18247, 18244, 18223]] [CONSENSO] COMMIT — ★ Entrada commiteada por quórum (3/3): [T0:I6] CONECTADO Usuario1@Nodo-0
[2026-06-19 01:45:14.189] [NODO-2] [V=[18306, 18298, 18280]] [CONSENSO] PROPUESTA_LIDER — Nueva entrada: [T0:I7] CONECTADO Usuario2@Nodo-0
[2026-06-19 01:45:14.191] [NODO-2] [V=[18306, 18298, 18281]] [CONSENSO] APPEND_ENVIADO — Entrada [T0:I7] CONECTADO Usuario2@Nodo-0 enviada a seguidores
[2026-06-19 01:45:14.192] [NODO-2] [V=[18308, 18298, 18282]] [CONSENSO] ACK_RECIBIDO — ACK de Nodo-0 para entrada 7 (total ACKs: 2/3)
[2026-06-19 01:45:14.193] [NODO-2] [V=[18308, 18302, 18283]] [CONSENSO] ACK_RECIBIDO — ACK de Nodo-1 para entrada 7 (total ACKs: 3/3)
[2026-06-19 01:45:14.194] [NODO-2] [V=[18308, 18302, 18283]] [CONSENSO] COMMIT — ★ Entrada commiteada por quórum (3/3): [T0:I7] CONECTADO Usuario2@Nodo-0
[2026-06-19 01:45:30.949] [NODO-2] [V=[18365, 18356, 18342]] [NODO] Nueva conexión de cliente desde 127.0.0.1
[2026-06-19 01:45:30.964] [NODO-2] [V=[-]] [SISTEMA] [MANEJADOR-Usuario3] Login exitoso.
[2026-06-19 01:45:30.965] [NODO-2] [V=[18365, 18356, 18343]] [MENSAJE] CONECTADO: Usuario3 → SISTEMA "Usuario conectado en Nodo-2"
[2026-06-19 01:45:30.965] [NODO-2] [V=[18365, 18356, 18343]] [CONSENSO] PROPUESTA_LIDER — Nueva entrada: [T0:I8] CONECTADO Usuario3@Nodo-2
[2026-06-19 01:45:30.965] [NODO-2] [V=[18365, 18356, 18344]] [CONSENSO] APPEND_ENVIADO — Entrada [T0:I8] CONECTADO Usuario3@Nodo-2 enviada a seguidores
[2026-06-19 01:45:30.967] [NODO-2] [V=[18369, 18360, 18345]] [CONSENSO] ACK_RECIBIDO — ACK de Nodo-0 para entrada 8 (total ACKs: 2/3)
[2026-06-19 01:45:30.967] [NODO-2] [V=[18369, 18360, 18345]] [CONSENSO] COMMIT — ★ Entrada commiteada por quórum (2/3): [T0:I8] CONECTADO Usuario3@Nodo-2
[2026-06-19 01:45:30.967] [NODO-2] [V=[18369, 18362, 18346]] [CONSENSO] ACK_RECIBIDO — ACK de Nodo-1 para entrada 8 (total ACKs: 3/3)
[2026-06-19 01:45:30.996] [NODO-2] [V=[-]] [SISTEMA] [MANEJADOR-Usuario3] Hilo Enviador iniciado.
[2026-06-19 01:45:47.066] [NODO-2] [V=[-]] [SISTEMA] [MANEJADOR-Usuario3] Recibido: [01:45:47] Usuario3 -> SERVIDOR (DESCONECTAR): Desconexión voluntaria
[2026-06-19 01:45:47.067] [NODO-2] [V=[-]] [SISTEMA] [MANEJADOR-Usuario3] Desconexión voluntaria.
[2026-06-19 01:45:47.067] [NODO-2] [V=[18427, 18420, 18406]] [MENSAJE] DESCONECTADO: Usuario3 → SISTEMA "Usuario desconectado de Nodo-2"
[2026-06-19 01:45:47.068] [NODO-2] [V=[18427, 18420, 18406]] [CONSENSO] PROPUESTA_LIDER — Nueva entrada: [T0:I9] DESCONECTADO Usuario3@Nodo-2
[2026-06-19 01:45:47.069] [NODO-2] [V=[18427, 18420, 18407]] [CONSENSO] APPEND_ENVIADO — Entrada [T0:I9] DESCONECTADO Usuario3@Nodo-2 enviada a seguidores
[2026-06-19 01:45:47.071] [NODO-2] [V=[-]] [SISTEMA] [MANEJADOR-Usuario3] Socket cerrado.
[2026-06-19 01:45:47.072] [NODO-2] [V=[18429, 18422, 18409]] [CONSENSO] ACK_RECIBIDO — ACK de Nodo-0 para entrada 9 (total ACKs: 3/3)
[2026-06-19 01:45:47.072] [NODO-2] [V=[18427, 18422, 18408]] [CONSENSO] ACK_RECIBIDO — ACK de Nodo-1 para entrada 9 (total ACKs: 2/3)
[2026-06-19 01:45:47.074] [NODO-2] [V=[18429, 18422, 18409]] [CONSENSO] COMMIT — ★ Entrada commiteada por quórum (3/3): [T0:I9] DESCONECTADO Usuario3@Nodo-2
[2026-06-19 01:45:47.074] [NODO-2] [V=[-]] [SISTEMA] [MANEJADOR-Usuario3] Hilo finalizado.
[2026-06-19 01:46:04.862] [NODO-2] [V=[18488, 18479, 18470]] [NODO] Nueva conexión de cliente desde 127.0.0.1
[2026-06-19 01:46:04.875] [NODO-2] [V=[-]] [SISTEMA] [MANEJADOR-Usuario3] Login exitoso.
[2026-06-19 01:46:04.876] [NODO-2] [V=[18488, 18479, 18471]] [MENSAJE] CONECTADO: Usuario3 → SISTEMA "Usuario conectado en Nodo-2"
[2026-06-19 01:46:04.876] [NODO-2] [V=[18488, 18479, 18471]] [CONSENSO] PROPUESTA_LIDER — Nueva entrada: [T0:I10] CONECTADO Usuario3@Nodo-2
[2026-06-19 01:46:04.877] [NODO-2] [V=[18488, 18479, 18472]] [CONSENSO] APPEND_ENVIADO — Entrada [T0:I10] CONECTADO Usuario3@Nodo-2 enviada a seguidores
[2026-06-19 01:46:04.878] [NODO-2] [V=[18492, 18485, 18474]] [CONSENSO] ACK_RECIBIDO — ACK de Nodo-1 para entrada 10 (total ACKs: 2/3)
[2026-06-19 01:46:04.878] [NODO-2] [V=[18492, 18485, 18474]] [CONSENSO] ACK_RECIBIDO — ACK de Nodo-0 para entrada 10 (total ACKs: 3/3)
[2026-06-19 01:46:04.880] [NODO-2] [V=[18492, 18485, 18474]] [CONSENSO] COMMIT — ★ Entrada commiteada por quórum (3/3): [T0:I10] CONECTADO Usuario3@Nodo-2
[2026-06-19 01:46:04.901] [NODO-2] [V=[-]] [SISTEMA] [MANEJADOR-Usuario3] Hilo Enviador iniciado.
[2026-06-19 01:46:26.278] [NODO-2] [V=[18568, 18558, 18550]] [CONSENSO] PROPUESTA_LIDER — Nueva entrada: [T0:I11] DESCONECTADO Usuario2@Nodo-0
[2026-06-19 01:46:26.279] [NODO-2] [V=[18568, 18558, 18551]] [CONSENSO] APPEND_ENVIADO — Entrada [T0:I11] DESCONECTADO Usuario2@Nodo-0 enviada a seguidores
[2026-06-19 01:46:26.280] [NODO-2] [V=[18568, 18562, 18552]] [CONSENSO] ACK_RECIBIDO — ACK de Nodo-1 para entrada 11 (total ACKs: 2/3)
[2026-06-19 01:46:26.280] [NODO-2] [V=[18568, 18562, 18552]] [CONSENSO] COMMIT — ★ Entrada commiteada por quórum (2/3): [T0:I11] DESCONECTADO Usuario2@Nodo-0
[2026-06-19 01:46:26.286] [NODO-2] [V=[18570, 18562, 18553]] [CONSENSO] ACK_RECIBIDO — ACK de Nodo-0 para entrada 11 (total ACKs: 3/3)
[2026-06-19 01:46:27.494] [NODO-2] [V=[-]] [SISTEMA] [MANEJADOR-Usuario3] Recibido: [01:46:27] Usuario3 -> SERVIDOR (DESCONECTAR): Desconexión voluntaria
[2026-06-19 01:46:27.495] [NODO-2] [V=[-]] [SISTEMA] [MANEJADOR-Usuario3] Desconexión voluntaria.
[2026-06-19 01:46:27.495] [NODO-2] [V=[18575, 18566, 18559]] [MENSAJE] DESCONECTADO: Usuario3 → SISTEMA "Usuario desconectado de Nodo-2"
[2026-06-19 01:46:27.495] [NODO-2] [V=[18575, 18566, 18559]] [CONSENSO] PROPUESTA_LIDER — Nueva entrada: [T0:I12] DESCONECTADO Usuario3@Nodo-2
[2026-06-19 01:46:27.496] [NODO-2] [V=[18575, 18566, 18560]] [CONSENSO] APPEND_ENVIADO — Entrada [T0:I12] DESCONECTADO Usuario3@Nodo-2 enviada a seguidores
[2026-06-19 01:46:27.497] [NODO-2] [V=[-]] [SISTEMA] [MANEJADOR-Usuario3] Socket cerrado.
[2026-06-19 01:46:27.498] [NODO-2] [V=[18577, 18566, 18561]] [CONSENSO] ACK_RECIBIDO — ACK de Nodo-0 para entrada 12 (total ACKs: 2/3)
[2026-06-19 01:46:27.498] [NODO-2] [V=[-]] [SISTEMA] [MANEJADOR-Usuario3] Hilo finalizado.
[2026-06-19 01:46:27.498] [NODO-2] [V=[18577, 18568, 18562]] [CONSENSO] ACK_RECIBIDO — ACK de Nodo-1 para entrada 12 (total ACKs: 3/3)
[2026-06-19 01:46:27.498] [NODO-2] [V=[18577, 18568, 18562]] [CONSENSO] COMMIT — ★ Entrada commiteada por quórum (3/3): [T0:I12] DESCONECTADO Usuario3@Nodo-2
[2026-06-19 01:46:45.566] [NODO-2] [V=[18640, 18634, 18626]] [CONSENSO] PROPUESTA_LIDER — Nueva entrada: [T0:I13] CONECTADO Usuario2@Nodo-1
[2026-06-19 01:46:45.567] [NODO-2] [V=[18640, 18634, 18627]] [CONSENSO] APPEND_ENVIADO — Entrada [T0:I13] CONECTADO Usuario2@Nodo-1 enviada a seguidores
[2026-06-19 01:46:45.568] [NODO-2] [V=[18642, 18634, 18628]] [CONSENSO] ACK_RECIBIDO — ACK de Nodo-0 para entrada 13 (total ACKs: 2/3)
[2026-06-19 01:46:45.569] [NODO-2] [V=[18642, 18634, 18628]] [CONSENSO] COMMIT — ★ Entrada commiteada por quórum (2/3): [T0:I13] CONECTADO Usuario2@Nodo-1
[2026-06-19 01:46:45.571] [NODO-2] [V=[18642, 18636, 18629]] [CONSENSO] ACK_RECIBIDO — ACK de Nodo-1 para entrada 13 (total ACKs: 3/3)
[2026-06-19 01:46:54.559] [NODO-2] [V=[18673, 18671, 18662]] [CONSENSO] PROPUESTA_LIDER — Nueva entrada: [T0:I14] DESCONECTADO Usuario2@Nodo-1
[2026-06-19 01:46:54.559] [NODO-2] [V=[18673, 18671, 18663]] [CONSENSO] APPEND_ENVIADO — Entrada [T0:I14] DESCONECTADO Usuario2@Nodo-1 enviada a seguidores
[2026-06-19 01:46:54.561] [NODO-2] [V=[18677, 18671, 18664]] [CONSENSO] ACK_RECIBIDO — ACK de Nodo-0 para entrada 14 (total ACKs: 2/3)
[2026-06-19 01:46:54.563] [NODO-2] [V=[18677, 18671, 18664]] [CONSENSO] COMMIT — ★ Entrada commiteada por quórum (2/3): [T0:I14] DESCONECTADO Usuario2@Nodo-1
[2026-06-19 01:46:54.563] [NODO-2] [V=[18677, 18673, 18665]] [CONSENSO] ACK_RECIBIDO — ACK de Nodo-1 para entrada 14 (total ACKs: 3/3)
[2026-06-19 01:47:53.041] [NODO-2] [V=[18882, 18878, 18872]] [NODO] Nueva conexión de cliente desde 127.0.0.1
[2026-06-19 01:47:53.057] [NODO-2] [V=[-]] [SISTEMA] [MANEJADOR-Usuario3] Login exitoso.
[2026-06-19 01:47:53.057] [NODO-2] [V=[18882, 18878, 18873]] [MENSAJE] CONECTADO: Usuario3 → SISTEMA "Usuario conectado en Nodo-2"
[2026-06-19 01:47:53.058] [NODO-2] [V=[18882, 18878, 18873]] [CONSENSO] PROPUESTA_LIDER — Nueva entrada: [T0:I15] CONECTADO Usuario3@Nodo-2
[2026-06-19 01:47:53.058] [NODO-2] [V=[18882, 18878, 18874]] [CONSENSO] APPEND_ENVIADO — Entrada [T0:I15] CONECTADO Usuario3@Nodo-2 enviada a seguidores
[2026-06-19 01:47:53.059] [NODO-2] [V=[18884, 18878, 18875]] [CONSENSO] ACK_RECIBIDO — ACK de Nodo-0 para entrada 15 (total ACKs: 2/3)
[2026-06-19 01:47:53.060] [NODO-2] [V=[18884, 18880, 18876]] [CONSENSO] ACK_RECIBIDO — ACK de Nodo-1 para entrada 15 (total ACKs: 3/3)
[2026-06-19 01:47:53.060] [NODO-2] [V=[18884, 18880, 18876]] [CONSENSO] COMMIT — ★ Entrada commiteada por quórum (3/3): [T0:I15] CONECTADO Usuario3@Nodo-2
[2026-06-19 01:47:53.078] [NODO-2] [V=[-]] [SISTEMA] [MANEJADOR-Usuario3] Hilo Enviador iniciado.
[2026-06-19 01:48:15.721] [NODO-2] [V=[-]] [SISTEMA] [MANEJADOR-Usuario3] Recibido: [01:48:15] Usuario3 -> SERVIDOR (DESCONECTAR): Desconexión voluntaria
[2026-06-19 01:48:15.722] [NODO-2] [V=[-]] [SISTEMA] [MANEJADOR-Usuario3] Desconexión voluntaria.
[2026-06-19 01:48:15.722] [NODO-2] [V=[18961, 18958, 18956]] [MENSAJE] DESCONECTADO: Usuario3 → SISTEMA "Usuario desconectado de Nodo-2"
[2026-06-19 01:48:15.723] [NODO-2] [V=[18961, 18958, 18956]] [CONSENSO] PROPUESTA_LIDER — Nueva entrada: [T0:I16] DESCONECTADO Usuario3@Nodo-2
[2026-06-19 01:48:15.723] [NODO-2] [V=[18961, 18958, 18957]] [CONSENSO] APPEND_ENVIADO — Entrada [T0:I16] DESCONECTADO Usuario3@Nodo-2 enviada a seguidores
[2026-06-19 01:48:15.724] [NODO-2] [V=[-]] [SISTEMA] [MANEJADOR-Usuario3] Socket cerrado.
[2026-06-19 01:48:15.725] [NODO-2] [V=[18965, 18958, 18958]] [CONSENSO] ACK_RECIBIDO — ACK de Nodo-0 para entrada 16 (total ACKs: 2/3)
[2026-06-19 01:48:15.725] [NODO-2] [V=[-]] [SISTEMA] [MANEJADOR-Usuario3] Hilo finalizado.
[2026-06-19 01:48:15.725] [NODO-2] [V=[18965, 18958, 18958]] [CONSENSO] COMMIT — ★ Entrada commiteada por quórum (2/3): [T0:I16] DESCONECTADO Usuario3@Nodo-2
[2026-06-19 01:48:15.725] [NODO-2] [V=[18965, 18962, 18959]] [CONSENSO] ACK_RECIBIDO — ACK de Nodo-1 para entrada 16 (total ACKs: 3/3)
[2026-06-19 01:48:16.826] [NODO-2] [V=[18970, 18964, 18962]] [CONSENSO] PROPUESTA_LIDER — Nueva entrada: [T0:I17] DESCONECTADO Usuario1@Nodo-0
[2026-06-19 01:48:16.827] [NODO-2] [V=[18970, 18964, 18963]] [CONSENSO] APPEND_ENVIADO — Entrada [T0:I17] DESCONECTADO Usuario1@Nodo-0 enviada a seguidores
[2026-06-19 01:48:16.828] [NODO-2] [V=[18972, 18964, 18964]] [CONSENSO] ACK_RECIBIDO — ACK de Nodo-0 para entrada 17 (total ACKs: 2/3)
[2026-06-19 01:48:16.828] [NODO-2] [V=[18972, 18966, 18965]] [CONSENSO] ACK_RECIBIDO — ACK de Nodo-1 para entrada 17 (total ACKs: 3/3)
[2026-06-19 01:48:16.829] [NODO-2] [V=[18972, 18966, 18965]] [CONSENSO] COMMIT — ★ Entrada commiteada por quórum (3/3): [T0:I17] DESCONECTADO Usuario1@Nodo-0
[2026-06-19 01:48:19.726] [NODO-2] [V=[-]] [FALLO] Conexión perdida con Nodo-0: Connection reset
[2026-06-19 01:48:19.727] [NODO-2] [V=[18981, 18976, 18978]] [FALLO] ⚠ Peer desconectado: Nodo-0
[2026-06-19 01:48:23.001] [NODO-2] [V=[-]] [NODO] No se pudo conectar a Nodo-0 (localhost:5001): Connection refused: getsockopt
[2026-06-19 02:13:55.698] [NODO-2] [V=[-]] [SISTEMA] === LOG INICIADO — Nodo 2 — 2026-06-19 02:13:55.696 ===
[2026-06-19 02:13:55.709] [NODO-2] [V=[-]] [SISTEMA] ════════════════════════════════════════════════
[2026-06-19 02:13:55.710] [NODO-2] [V=[-]] [SISTEMA]   NODO-2 — WhatsApp Distribuido Multinodo
[2026-06-19 02:13:55.711] [NODO-2] [V=[-]] [SISTEMA]   Puerto clientes: 5003
[2026-06-19 02:13:55.711] [NODO-2] [V=[-]] [SISTEMA]   Puerto inter-nodo: 5103
[2026-06-19 02:13:55.712] [NODO-2] [V=[-]] [SISTEMA]   Peers configurados: 2
[2026-06-19 02:13:55.712] [NODO-2] [V=[-]] [SISTEMA] ════════════════════════════════════════════════
[2026-06-19 02:13:55.985] [NODO-2] [V=[-]] [NODO] Escuchando conexiones inter-nodo en puerto 5103
[2026-06-19 02:13:56.499] [NODO-2] [V=[-]] [NODO] Conectado exitosamente a Nodo-0 (localhost:5001)
[2026-06-19 02:13:56.504] [NODO-2] [V=[-]] [NODO] Conectado exitosamente a Nodo-1 (localhost:5002)
[2026-06-19 02:13:56.504] [NODO-2] [V=[0, 0, 1]] [NODO] Nodo-0 se unió al sistema
[2026-06-19 02:13:56.506] [NODO-2] [V=[-]] [NODO] Esperando conexión con peers (máximo 10 segundos)...
[2026-06-19 02:13:56.507] [NODO-2] [V=[0, 0, 2]] [NODO] Nodo-1 se unió al sistema
[2026-06-19 02:13:56.509] [NODO-2] [V=[-]] [NODO] Peers conectados: 2/2
[2026-06-19 02:13:56.511] [NODO-2] [V=[-]] [HEARTBEAT] Gestor de Heartbeats iniciado (intervalo=2000ms, maxFallos=3)
[2026-06-19 02:13:58.513] [NODO-2] [V=[18, 19, 9]] [ELECCION] COORDINADOR_INICIAL — Coordinador inicial determinado: Nodo-2
[2026-06-19 02:13:58.513] [NODO-2] [V=[18, 19, 10]] [ELECCION] NUEVO_COORDINADOR — ★ Nodo-2 es el nuevo COORDINADOR ★
[2026-06-19 02:13:58.515] [NODO-2] [V=[-]] [SISTEMA] Aceptando clientes en puerto 5003
[2026-06-19 02:14:23.781] [NODO-2] [V=[110, 106, 97]] [CONSENSO] PROPUESTA_LIDER — Nueva entrada: [T0:I0] CONECTADO Usuario1@Nodo-0
[2026-06-19 02:14:23.783] [NODO-2] [V=[110, 106, 98]] [CONSENSO] APPEND_ENVIADO — Entrada [T0:I0] CONECTADO Usuario1@Nodo-0 enviada a seguidores
[2026-06-19 02:14:23.800] [NODO-2] [V=[112, 106, 99]] [CONSENSO] ACK_RECIBIDO — ACK de Nodo-0 para entrada 0 (total ACKs: 2/3)
[2026-06-19 02:14:23.809] [NODO-2] [V=[112, 108, 100]] [CONSENSO] ACK_RECIBIDO — ACK de Nodo-1 para entrada 0 (total ACKs: 3/3)
[2026-06-19 02:14:23.844] [NODO-2] [V=[112, 108, 100]] [CONSENSO] COMMIT — ★ Entrada commiteada por quórum (3/3): [T0:I0] CONECTADO Usuario1@Nodo-0
[2026-06-19 02:14:50.849] [NODO-2] [V=[208, 209, 199]] [CONSENSO] PROPUESTA_LIDER — Nueva entrada: [T0:I1] CONECTADO Usuario2@Nodo-1
[2026-06-19 02:14:50.850] [NODO-2] [V=[208, 209, 200]] [CONSENSO] APPEND_ENVIADO — Entrada [T0:I1] CONECTADO Usuario2@Nodo-1 enviada a seguidores
[2026-06-19 02:14:50.852] [NODO-2] [V=[212, 209, 201]] [CONSENSO] ACK_RECIBIDO — ACK de Nodo-0 para entrada 1 (total ACKs: 2/3)
[2026-06-19 02:14:50.878] [NODO-2] [V=[212, 209, 201]] [CONSENSO] COMMIT — ★ Entrada commiteada por quórum (2/3): [T0:I1] CONECTADO Usuario2@Nodo-1
[2026-06-19 02:14:50.880] [NODO-2] [V=[212, 211, 202]] [CONSENSO] ACK_RECIBIDO — ACK de Nodo-1 para entrada 1 (total ACKs: 3/3)
[2026-06-19 02:15:38.828] [NODO-2] [V=[378, 377, 371]] [NODO] Nueva conexión de cliente desde 127.0.0.1
[2026-06-19 02:15:38.849] [NODO-2] [V=[-]] [SISTEMA] [MANEJADOR-Usuario3] Login exitoso.
[2026-06-19 02:15:38.852] [NODO-2] [V=[378, 377, 372]] [MENSAJE] CONECTADO: Usuario3 → SISTEMA "Usuario conectado en Nodo-2"
[2026-06-19 02:15:38.853] [NODO-2] [V=[378, 377, 372]] [CONSENSO] PROPUESTA_LIDER — Nueva entrada: [T0:I2] CONECTADO Usuario3@Nodo-2
[2026-06-19 02:15:38.854] [NODO-2] [V=[378, 377, 373]] [CONSENSO] APPEND_ENVIADO — Entrada [T0:I2] CONECTADO Usuario3@Nodo-2 enviada a seguidores
[2026-06-19 02:15:38.856] [NODO-2] [V=[382, 381, 375]] [CONSENSO] ACK_RECIBIDO — ACK de Nodo-0 para entrada 2 (total ACKs: 3/3)
[2026-06-19 02:15:38.856] [NODO-2] [V=[382, 381, 375]] [CONSENSO] ACK_RECIBIDO — ACK de Nodo-1 para entrada 2 (total ACKs: 3/3)
[2026-06-19 02:15:38.873] [NODO-2] [V=[382, 381, 375]] [CONSENSO] COMMIT — ★ Entrada commiteada por quórum (3/3): [T0:I2] CONECTADO Usuario3@Nodo-2
[2026-06-19 02:15:38.941] [NODO-2] [V=[-]] [SISTEMA] [MANEJADOR-Usuario3] Hilo Enviador iniciado.
[2026-06-19 02:15:44.914] [NODO-2] [V=[-]] [SISTEMA] [MANEJADOR-Usuario3] Recibido: [02:15:44] Usuario3 -> SERVIDOR (DESCONECTAR): Desconexión voluntaria
[2026-06-19 02:15:44.915] [NODO-2] [V=[-]] [SISTEMA] [MANEJADOR-Usuario3] Desconexión voluntaria.
[2026-06-19 02:15:44.915] [NODO-2] [V=[401, 400, 397]] [MENSAJE] DESCONECTADO: Usuario3 → SISTEMA "Usuario desconectado de Nodo-2"
[2026-06-19 02:15:44.916] [NODO-2] [V=[401, 400, 397]] [CONSENSO] PROPUESTA_LIDER — Nueva entrada: [T0:I3] DESCONECTADO Usuario3@Nodo-2
[2026-06-19 02:15:44.922] [NODO-2] [V=[405, 402, 399]] [CONSENSO] ACK_RECIBIDO — ACK de Nodo-0 para entrada 3 (total ACKs: 2/3)
[2026-06-19 02:15:44.919] [NODO-2] [V=[401, 400, 398]] [CONSENSO] APPEND_ENVIADO — Entrada [T0:I3] DESCONECTADO Usuario3@Nodo-2 enviada a seguidores
[2026-06-19 02:15:44.927] [NODO-2] [V=[405, 404, 400]] [CONSENSO] ACK_RECIBIDO — ACK de Nodo-1 para entrada 3 (total ACKs: 3/3)
[2026-06-19 02:15:44.930] [NODO-2] [V=[-]] [SISTEMA] [MANEJADOR-Usuario3] Socket cerrado.
[2026-06-19 02:15:44.934] [NODO-2] [V=[-]] [SISTEMA] [MANEJADOR-Usuario3] Hilo finalizado.
[2026-06-19 02:15:44.941] [NODO-2] [V=[405, 404, 400]] [CONSENSO] COMMIT — ★ Entrada commiteada por quórum (3/3): [T0:I3] DESCONECTADO Usuario3@Nodo-2
[2026-06-19 02:17:03.240] [NODO-2] [V=[676, 679, 674]] [CONSENSO] PROPUESTA_LIDER — Nueva entrada: [T0:I4] DESCONECTADO Usuario2@Nodo-1
[2026-06-19 02:17:03.240] [NODO-2] [V=[676, 679, 675]] [CONSENSO] APPEND_ENVIADO — Entrada [T0:I4] DESCONECTADO Usuario2@Nodo-1 enviada a seguidores
[2026-06-19 02:17:03.243] [NODO-2] [V=[680, 679, 676]] [CONSENSO] ACK_RECIBIDO — ACK de Nodo-0 para entrada 4 (total ACKs: 2/3)
[2026-06-19 02:17:03.262] [NODO-2] [V=[680, 679, 676]] [CONSENSO] COMMIT — ★ Entrada commiteada por quórum (2/3): [T0:I4] DESCONECTADO Usuario2@Nodo-1
[2026-06-19 02:17:03.263] [NODO-2] [V=[680, 681, 677]] [CONSENSO] ACK_RECIBIDO — ACK de Nodo-1 para entrada 4 (total ACKs: 3/3)
[2026-06-19 02:17:05.349] [NODO-2] [V=[689, 688, 685]] [CONSENSO] PROPUESTA_LIDER — Nueva entrada: [T0:I5] DESCONECTADO Usuario1@Nodo-0
[2026-06-19 02:17:05.352] [NODO-2] [V=[689, 688, 686]] [CONSENSO] APPEND_ENVIADO — Entrada [T0:I5] DESCONECTADO Usuario1@Nodo-0 enviada a seguidores
[2026-06-19 02:17:05.354] [NODO-2] [V=[689, 690, 687]] [CONSENSO] ACK_RECIBIDO — ACK de Nodo-1 para entrada 5 (total ACKs: 2/3)
[2026-06-19 02:17:05.363] [NODO-2] [V=[691, 690, 688]] [CONSENSO] ACK_RECIBIDO — ACK de Nodo-0 para entrada 5 (total ACKs: 3/3)
[2026-06-19 02:17:05.366] [NODO-2] [V=[691, 690, 688]] [CONSENSO] COMMIT — ★ Entrada commiteada por quórum (3/3): [T0:I5] DESCONECTADO Usuario1@Nodo-0
[2026-06-19 02:17:46.505] [NODO-2] [V=[-]] [FALLO] Conexión perdida con Nodo-1: Connection reset
[2026-06-19 02:17:46.506] [NODO-2] [V=[829, 831, 831]] [FALLO] ⚠ Peer desconectado: Nodo-1
[2026-06-19 02:17:46.525] [NODO-2] [V=[-]] [NODO] No se pudo conectar a Nodo-1 (localhost:5002): Connection refused: getsockopt
[2026-06-19 02:17:51.530] [NODO-2] [V=[-]] [NODO] No se pudo conectar a Nodo-1 (localhost:5002): Connection refused: getsockopt
[2026-06-19 02:17:56.517] [NODO-2] [V=[-]] [NODO] No se pudo conectar a Nodo-1 (localhost:5002): Connection refused: getsockopt
[2026-06-19 02:18:01.518] [NODO-2] [V=[-]] [NODO] No se pudo conectar a Nodo-1 (localhost:5002): Connection refused: getsockopt
[2026-06-19 02:18:06.518] [NODO-2] [V=[-]] [NODO] No se pudo conectar a Nodo-1 (localhost:5002): Connection refused: getsockopt
[2026-06-19 02:18:11.516] [NODO-2] [V=[-]] [NODO] No se pudo conectar a Nodo-1 (localhost:5002): Connection refused: getsockopt
[2026-06-19 02:18:16.518] [NODO-2] [V=[-]] [NODO] No se pudo conectar a Nodo-1 (localhost:5002): Connection refused: getsockopt
[2026-06-19 02:18:20.681] [NODO-2] [V=[907, 831, 902]] [CONSENSO] PROPUESTA_LIDER — Nueva entrada: [T0:I6] CONECTADO Usuario1@Nodo-0
[2026-06-19 02:18:20.683] [NODO-2] [V=[907, 831, 903]] [CONSENSO] APPEND_ENVIADO — Entrada [T0:I6] CONECTADO Usuario1@Nodo-0 enviada a seguidores
[2026-06-19 02:18:20.684] [NODO-2] [V=[909, 831, 904]] [CONSENSO] ACK_RECIBIDO — ACK de Nodo-0 para entrada 6 (total ACKs: 2/3)
[2026-06-19 02:18:20.690] [NODO-2] [V=[909, 831, 904]] [CONSENSO] COMMIT — ★ Entrada commiteada por quórum (2/3): [T0:I6] CONECTADO Usuario1@Nodo-0
[2026-06-19 02:18:21.507] [NODO-2] [V=[-]] [NODO] No se pudo conectar a Nodo-1 (localhost:5002): Connection refused: getsockopt
[2026-06-19 02:18:26.517] [NODO-2] [V=[-]] [NODO] No se pudo conectar a Nodo-1 (localhost:5002): Connection refused: getsockopt
[2026-06-19 02:18:31.517] [NODO-2] [V=[-]] [NODO] No se pudo conectar a Nodo-1 (localhost:5002): Connection refused: getsockopt
[2026-06-19 02:18:36.517] [NODO-2] [V=[-]] [NODO] No se pudo conectar a Nodo-1 (localhost:5002): Connection refused: getsockopt
[2026-06-19 02:18:41.516] [NODO-2] [V=[-]] [NODO] No se pudo conectar a Nodo-1 (localhost:5002): Connection refused: getsockopt
[2026-06-19 02:18:43.383] [NODO-2] [V=[958, 831, 951]] [CONSENSO] PROPUESTA_LIDER — Nueva entrada: [T0:I7] DESCONECTADO Usuario1@Nodo-0
[2026-06-19 02:18:43.384] [NODO-2] [V=[958, 831, 952]] [CONSENSO] APPEND_ENVIADO — Entrada [T0:I7] DESCONECTADO Usuario1@Nodo-0 enviada a seguidores
[2026-06-19 02:18:43.389] [NODO-2] [V=[960, 831, 953]] [CONSENSO] ACK_RECIBIDO — ACK de Nodo-0 para entrada 7 (total ACKs: 2/3)
[2026-06-19 02:18:43.397] [NODO-2] [V=[960, 831, 953]] [CONSENSO] COMMIT — ★ Entrada commiteada por quórum (2/3): [T0:I7] DESCONECTADO Usuario1@Nodo-0
[2026-06-19 02:18:46.516] [NODO-2] [V=[-]] [NODO] No se pudo conectar a Nodo-1 (localhost:5002): Connection refused: getsockopt
[2026-06-19 02:18:51.518] [NODO-2] [V=[-]] [NODO] No se pudo conectar a Nodo-1 (localhost:5002): Connection refused: getsockopt
[2026-06-19 02:18:56.518] [NODO-2] [V=[-]] [NODO] No se pudo conectar a Nodo-1 (localhost:5002): Connection refused: getsockopt
[2026-06-19 02:19:01.517] [NODO-2] [V=[-]] [NODO] No se pudo conectar a Nodo-1 (localhost:5002): Connection refused: getsockopt
[2026-06-19 02:19:04.270] [NODO-2] [V=[999, 831, 994]] [NODO] Nueva conexión de cliente desde 127.0.0.1
[2026-06-19 02:19:04.284] [NODO-2] [V=[-]] [SISTEMA] [MANEJADOR-Usuario2] Login exitoso.
[2026-06-19 02:19:04.284] [NODO-2] [V=[999, 831, 995]] [MENSAJE] CONECTADO: Usuario2 → SISTEMA "Usuario conectado en Nodo-2"
[2026-06-19 02:19:04.284] [NODO-2] [V=[999, 831, 995]] [CONSENSO] PROPUESTA_LIDER — Nueva entrada: [T0:I8] CONECTADO Usuario2@Nodo-2
[2026-06-19 02:19:04.285] [NODO-2] [V=[999, 831, 996]] [CONSENSO] APPEND_ENVIADO — Entrada [T0:I8] CONECTADO Usuario2@Nodo-2 enviada a seguidores
[2026-06-19 02:19:04.287] [NODO-2] [V=[1002, 831, 997]] [CONSENSO] ACK_RECIBIDO — ACK de Nodo-0 para entrada 8 (total ACKs: 2/3)
[2026-06-19 02:19:04.292] [NODO-2] [V=[1002, 831, 997]] [CONSENSO] COMMIT — ★ Entrada commiteada por quórum (2/3): [T0:I8] CONECTADO Usuario2@Nodo-2
[2026-06-19 02:19:04.318] [NODO-2] [V=[-]] [SISTEMA] [MANEJADOR-Usuario2] Hilo Enviador iniciado.
[2026-06-19 02:19:06.518] [NODO-2] [V=[-]] [NODO] No se pudo conectar a Nodo-1 (localhost:5002): Connection refused: getsockopt
[2026-06-19 02:19:11.507] [NODO-2] [V=[-]] [NODO] No se pudo conectar a Nodo-1 (localhost:5002): Connection refused: getsockopt
[2026-06-19 02:19:16.517] [NODO-2] [V=[-]] [NODO] No se pudo conectar a Nodo-1 (localhost:5002): Connection refused: getsockopt
[2026-06-19 02:19:21.518] [NODO-2] [V=[-]] [NODO] No se pudo conectar a Nodo-1 (localhost:5002): Connection refused: getsockopt
[2026-06-19 02:19:26.517] [NODO-2] [V=[-]] [NODO] No se pudo conectar a Nodo-1 (localhost:5002): Connection refused: getsockopt
[2026-06-19 02:19:31.518] [NODO-2] [V=[-]] [NODO] No se pudo conectar a Nodo-1 (localhost:5002): Connection refused: getsockopt
[2026-06-19 02:19:33.275] [NODO-2] [V=[-]] [NODO] Conexión entrante aceptada de Nodo-0
[2026-06-19 02:19:36.517] [NODO-2] [V=[-]] [NODO] No se pudo conectar a Nodo-1 (localhost:5002): Connection refused: getsockopt
[2026-06-19 02:19:41.517] [NODO-2] [V=[-]] [NODO] No se pudo conectar a Nodo-1 (localhost:5002): Connection refused: getsockopt
[2026-06-19 02:19:46.518] [NODO-2] [V=[-]] [NODO] No se pudo conectar a Nodo-1 (localhost:5002): Connection refused: getsockopt
[2026-06-19 02:19:51.517] [NODO-2] [V=[-]] [NODO] No se pudo conectar a Nodo-1 (localhost:5002): Connection refused: getsockopt
[2026-06-19 02:19:55.741] [NODO-2] [V=[-]] [FALLO] Conexión perdida con Nodo-0: Connection reset
[2026-06-19 02:19:55.742] [NODO-2] [V=[1113, 831, 1122]] [FALLO] ⚠ Peer desconectado: Nodo-0
[2026-06-19 02:19:56.508] [NODO-2] [V=[-]] [NODO] Conectado exitosamente a Nodo-0 (localhost:5001)
[2026-06-19 02:19:56.509] [NODO-2] [V=[-]] [NODO] No se pudo conectar a Nodo-1 (localhost:5002): Connection refused: getsockopt
[2026-06-19 02:19:56.509] [NODO-2] [V=[1113, 831, 1123]] [NODO] Nodo-0 se unió al sistema
[2026-06-19 02:20:01.518] [NODO-2] [V=[-]] [NODO] No se pudo conectar a Nodo-1 (localhost:5002): Connection refused: getsockopt
[2026-06-19 02:20:06.517] [NODO-2] [V=[-]] [NODO] No se pudo conectar a Nodo-1 (localhost:5002): Connection refused: getsockopt
[2026-06-19 02:20:11.517] [NODO-2] [V=[-]] [NODO] No se pudo conectar a Nodo-1 (localhost:5002): Connection refused: getsockopt
[2026-06-19 02:20:16.508] [NODO-2] [V=[-]] [NODO] Conectado exitosamente a Nodo-1 (localhost:5002)
[2026-06-19 02:20:16.509] [NODO-2] [V=[1152, 831, 1164]] [NODO] Nodo-1 se unió al sistema
[2026-06-19 02:20:56.823] [NODO-2] [V=[-]] [FALLO] Conexión perdida con Nodo-0: Connection reset
[2026-06-19 02:20:56.823] [NODO-2] [V=[-]] [FALLO] Conexión perdida con Nodo-0: Connection reset
[2026-06-19 02:20:56.824] [NODO-2] [V=[1296, 973, 1310]] [FALLO] ⚠ Peer desconectado: Nodo-0
[2026-06-19 02:20:56.824] [NODO-2] [V=[1296, 973, 1311]] [FALLO] ⚠ Peer desconectado: Nodo-0
[2026-06-19 02:20:59.850] [NODO-2] [V=[-]] [FALLO] Conexión perdida con Nodo-1: Connection reset
[2026-06-19 02:20:59.850] [NODO-2] [V=[1296, 981, 1318]] [FALLO] ⚠ Peer desconectado: Nodo-1
[2026-06-19 02:21:01.517] [NODO-2] [V=[-]] [NODO] No se pudo conectar a Nodo-0 (localhost:5001): Connection refused: getsockopt
[2026-06-19 02:21:01.528] [NODO-2] [V=[-]] [NODO] No se pudo conectar a Nodo-1 (localhost:5002): Connection refused: getsockopt
[2026-06-19 02:21:06.518] [NODO-2] [V=[-]] [NODO] No se pudo conectar a Nodo-0 (localhost:5001): Connection refused: getsockopt
[2026-06-19 02:21:06.529] [NODO-2] [V=[-]] [NODO] No se pudo conectar a Nodo-1 (localhost:5002): Connection refused: getsockopt
[2026-06-19 17:06:48.256] [NODO-2] [V=[-]] [SISTEMA] === LOG INICIADO — Nodo 2 — 2026-06-19 17:06:48.254 ===
[2026-06-19 17:06:48.264] [NODO-2] [V=[-]] [SISTEMA] ════════════════════════════════════════════════
[2026-06-19 17:06:48.267] [NODO-2] [V=[-]] [SISTEMA]   NODO-2 — WhatsApp Distribuido Multinodo
[2026-06-19 17:06:48.267] [NODO-2] [V=[-]] [SISTEMA]   Puerto clientes: 5003
[2026-06-19 17:06:48.267] [NODO-2] [V=[-]] [SISTEMA]   Puerto inter-nodo: 5103
[2026-06-19 17:06:48.268] [NODO-2] [V=[-]] [SISTEMA]   Peers configurados: 2
[2026-06-19 17:06:48.268] [NODO-2] [V=[-]] [SISTEMA] ════════════════════════════════════════════════
[2026-06-19 17:06:48.586] [NODO-2] [V=[-]] [NODO] Escuchando conexiones inter-nodo en puerto 5103
[2026-06-19 17:06:49.098] [NODO-2] [V=[-]] [NODO] Conectado exitosamente a Nodo-0 (localhost:5001)
[2026-06-19 17:06:49.103] [NODO-2] [V=[-]] [NODO] Conectado exitosamente a Nodo-1 (localhost:5002)
[2026-06-19 17:06:49.103] [NODO-2] [V=[0, 0, 1]] [NODO] Nodo-0 se unió al sistema
[2026-06-19 17:06:49.106] [NODO-2] [V=[-]] [NODO] Esperando conexión con peers (máximo 10 segundos)...
[2026-06-19 17:06:49.108] [NODO-2] [V=[0, 0, 2]] [NODO] Nodo-1 se unió al sistema
[2026-06-19 17:06:49.109] [NODO-2] [V=[-]] [NODO] Peers conectados: 2/2
[2026-06-19 17:06:49.111] [NODO-2] [V=[-]] [HEARTBEAT] Gestor de Heartbeats iniciado (intervalo=2000ms, maxFallos=3)
[2026-06-19 17:06:51.113] [NODO-2] [V=[49, 29, 7]] [ELECCION] COORDINADOR_INICIAL — Coordinador inicial determinado: Nodo-2
[2026-06-19 17:06:51.115] [NODO-2] [V=[49, 29, 8]] [ELECCION] NUEVO_COORDINADOR — ★ Nodo-2 es el nuevo COORDINADOR ★
[2026-06-19 17:06:51.119] [NODO-2] [V=[-]] [SISTEMA] Aceptando clientes en puerto 5003
[2026-06-19 17:07:39.654] [NODO-2] [V=[227, 202, 179]] [CONSENSO] PROPUESTA_LIDER — Nueva entrada: [T0:I0] CONECTADO Usuario1@Nodo-0
[2026-06-19 17:07:39.662] [NODO-2] [V=[227, 202, 180]] [CONSENSO] APPEND_ENVIADO — Entrada [T0:I0] CONECTADO Usuario1@Nodo-0 enviada a seguidores
[2026-06-19 17:07:39.690] [NODO-2] [V=[229, 204, 182]] [CONSENSO] ACK_RECIBIDO — ACK de Nodo-0 para entrada 0 (total ACKs: 3/3)
[2026-06-19 17:07:39.693] [NODO-2] [V=[229, 204, 182]] [CONSENSO] ACK_RECIBIDO — ACK de Nodo-1 para entrada 0 (total ACKs: 3/3)
[2026-06-19 17:07:39.749] [NODO-2] [V=[229, 204, 182]] [CONSENSO] COMMIT — ★ Entrada commiteada por quórum (3/3): [T0:I0] CONECTADO Usuario1@Nodo-0
[2026-06-19 17:08:34.232] [NODO-2] [V=[419, 398, 374]] [CONSENSO] PROPUESTA_LIDER — Nueva entrada: [T0:I1] CONECTADO Usuario2@Nodo-1
[2026-06-19 17:08:34.234] [NODO-2] [V=[419, 398, 375]] [CONSENSO] APPEND_ENVIADO — Entrada [T0:I1] CONECTADO Usuario2@Nodo-1 enviada a seguidores
[2026-06-19 17:08:34.237] [NODO-2] [V=[423, 400, 377]] [CONSENSO] ACK_RECIBIDO — ACK de Nodo-0 para entrada 1 (total ACKs: 3/3)
[2026-06-19 17:08:34.237] [NODO-2] [V=[419, 400, 376]] [CONSENSO] ACK_RECIBIDO — ACK de Nodo-1 para entrada 1 (total ACKs: 2/3)
[2026-06-19 17:08:34.254] [NODO-2] [V=[423, 400, 377]] [CONSENSO] COMMIT — ★ Entrada commiteada por quórum (3/3): [T0:I1] CONECTADO Usuario2@Nodo-1
[2026-06-19 17:08:46.751] [NODO-2] [V=[467, 442, 420]] [MUTEX] REQUEST_RECIBIDO — De Nodo-0. No estoy en SC ni solicitando → REPLY inmediato
[2026-06-19 17:08:46.755] [NODO-2] [V=[467, 442, 421]] [MUTEX] REPLY_ENVIADO — → Nodo-0
[2026-06-19 17:09:10.060] [NODO-2] [V=[-]] [FALLO] Conexión perdida con Nodo-0: Connection reset
[2026-06-19 17:09:10.061] [NODO-2] [V=[552, 527, 506]] [FALLO] ⚠ Peer desconectado: Nodo-0
[2026-06-19 17:09:10.093] [NODO-2] [V=[552, 533, 507]] [CONSENSO] PROPUESTA_LIDER — Nueva entrada: [T0:I2] CONECTADO Usuario1@Nodo-1
[2026-06-19 17:09:10.097] [NODO-2] [V=[552, 533, 508]] [CONSENSO] APPEND_ENVIADO — Entrada [T0:I2] CONECTADO Usuario1@Nodo-1 enviada a seguidores
[2026-06-19 17:09:10.104] [NODO-2] [V=[552, 535, 509]] [CONSENSO] ACK_RECIBIDO — ACK de Nodo-1 para entrada 2 (total ACKs: 2/3)
[2026-06-19 17:09:10.129] [NODO-2] [V=[552, 535, 509]] [CONSENSO] COMMIT — ★ Entrada commiteada por quórum (2/3): [T0:I2] CONECTADO Usuario1@Nodo-1
[2026-06-19 17:09:14.114] [NODO-2] [V=[-]] [NODO] No se pudo conectar a Nodo-0 (localhost:5001): Connection refused: getsockopt
[2026-06-19 17:09:19.129] [NODO-2] [V=[-]] [NODO] No se pudo conectar a Nodo-0 (localhost:5001): Connection refused: getsockopt
[2026-06-19 17:09:24.126] [NODO-2] [V=[-]] [NODO] No se pudo conectar a Nodo-0 (localhost:5001): Connection refused: getsockopt
[2026-06-19 17:09:26.631] [NODO-2] [V=[552, 569, 542]] [MUTEX] REQUEST_RECIBIDO — De Nodo-1. No estoy en SC ni solicitando → REPLY inmediato
[2026-06-19 17:09:26.632] [NODO-2] [V=[552, 569, 543]] [MUTEX] REPLY_ENVIADO — → Nodo-1
[2026-06-19 17:09:29.114] [NODO-2] [V=[-]] [NODO] No se pudo conectar a Nodo-0 (localhost:5001): Connection refused: getsockopt
[2026-06-19 17:09:34.111] [NODO-2] [V=[-]] [NODO] No se pudo conectar a Nodo-0 (localhost:5001): Connection refused: getsockopt
[2026-06-19 17:09:39.126] [NODO-2] [V=[-]] [NODO] No se pudo conectar a Nodo-0 (localhost:5001): Connection refused: getsockopt
[2026-06-19 17:09:42.396] [NODO-2] [V=[-]] [FALLO] Conexión perdida con Nodo-1: Connection reset
[2026-06-19 17:09:42.396] [NODO-2] [V=[552, 603, 576]] [FALLO] ⚠ Peer desconectado: Nodo-1
[2026-06-19 17:09:42.409] [NODO-2] [V=[552, 603, 577]] [NODO] Nueva conexión de cliente desde 127.0.0.1
[2026-06-19 17:09:42.420] [NODO-2] [V=[552, 603, 578]] [NODO] Nueva conexión de cliente desde 127.0.0.1
[2026-06-19 17:09:42.436] [NODO-2] [V=[-]] [SISTEMA] [MANEJADOR-Usuario2] Login exitoso.
[2026-06-19 17:09:42.439] [NODO-2] [V=[552, 603, 579]] [MENSAJE] CONECTADO: Usuario2 → SISTEMA "Usuario conectado en Nodo-2"
[2026-06-19 17:09:42.443] [NODO-2] [V=[552, 603, 579]] [CONSENSO] PROPUESTA_LIDER — Nueva entrada: [T0:I3] CONECTADO Usuario2@Nodo-2
[2026-06-19 17:09:42.446] [NODO-2] [V=[-]] [SISTEMA] [MANEJADOR-Usuario1] Login exitoso.
[2026-06-19 17:09:42.448] [NODO-2] [V=[552, 603, 581]] [MENSAJE] CONECTADO: Usuario1 → SISTEMA "Usuario conectado en Nodo-2"
[2026-06-19 17:09:42.448] [NODO-2] [V=[552, 603, 580]] [CONSENSO] APPEND_ENVIADO — Entrada [T0:I3] CONECTADO Usuario2@Nodo-2 enviada a seguidores
[2026-06-19 17:09:42.453] [NODO-2] [V=[552, 603, 581]] [CONSENSO] PROPUESTA_LIDER — Nueva entrada: [T0:I4] CONECTADO Usuario1@Nodo-2
[2026-06-19 17:09:42.456] [NODO-2] [V=[552, 603, 582]] [CONSENSO] APPEND_ENVIADO — Entrada [T0:I4] CONECTADO Usuario1@Nodo-2 enviada a seguidores
[2026-06-19 17:09:42.536] [NODO-2] [V=[-]] [SISTEMA] [MANEJADOR-Usuario1] Hilo Enviador iniciado.
[2026-06-19 17:09:42.536] [NODO-2] [V=[-]] [SISTEMA] [MANEJADOR-Usuario2] Hilo Enviador iniciado.
[2026-06-19 17:09:44.111] [NODO-2] [V=[-]] [NODO] No se pudo conectar a Nodo-0 (localhost:5001): Connection refused: getsockopt
[2026-06-19 17:09:44.112] [NODO-2] [V=[-]] [NODO] No se pudo conectar a Nodo-1 (localhost:5002): Connection refused: getsockopt
[2026-06-19 17:09:49.130] [NODO-2] [V=[-]] [NODO] No se pudo conectar a Nodo-0 (localhost:5001): Connection refused: getsockopt
[2026-06-19 17:09:49.131] [NODO-2] [V=[-]] [NODO] No se pudo conectar a Nodo-1 (localhost:5002): Connection refused: getsockopt
[2026-06-19 17:09:54.123] [NODO-2] [V=[-]] [NODO] No se pudo conectar a Nodo-0 (localhost:5001): Connection refused: getsockopt
[2026-06-19 17:09:54.125] [NODO-2] [V=[-]] [NODO] No se pudo conectar a Nodo-1 (localhost:5002): Connection refused: getsockopt
[2026-06-19 17:09:59.113] [NODO-2] [V=[-]] [NODO] No se pudo conectar a Nodo-0 (localhost:5001): Connection refused: getsockopt
[2026-06-19 17:09:59.114] [NODO-2] [V=[-]] [NODO] No se pudo conectar a Nodo-1 (localhost:5002): Connection refused: getsockopt
[2026-06-19 17:10:04.122] [NODO-2] [V=[-]] [NODO] No se pudo conectar a Nodo-0 (localhost:5001): Connection refused: getsockopt
[2026-06-19 17:10:04.148] [NODO-2] [V=[-]] [NODO] No se pudo conectar a Nodo-1 (localhost:5002): Connection refused: getsockopt
[2026-06-19 17:10:09.114] [NODO-2] [V=[-]] [NODO] No se pudo conectar a Nodo-0 (localhost:5001): Connection refused: getsockopt
[2026-06-19 17:10:09.115] [NODO-2] [V=[-]] [NODO] No se pudo conectar a Nodo-1 (localhost:5002): Connection refused: getsockopt
[2026-06-19 17:10:14.122] [NODO-2] [V=[-]] [NODO] No se pudo conectar a Nodo-0 (localhost:5001): Connection refused: getsockopt
[2026-06-19 17:10:14.123] [NODO-2] [V=[-]] [NODO] No se pudo conectar a Nodo-1 (localhost:5002): Connection refused: getsockopt
[2026-06-19 17:10:19.123] [NODO-2] [V=[-]] [NODO] No se pudo conectar a Nodo-0 (localhost:5001): Connection refused: getsockopt
[2026-06-19 17:10:19.124] [NODO-2] [V=[-]] [NODO] No se pudo conectar a Nodo-1 (localhost:5002): Connection refused: getsockopt
[2026-06-19 17:10:24.134] [NODO-2] [V=[-]] [NODO] No se pudo conectar a Nodo-0 (localhost:5001): Connection refused: getsockopt
[2026-06-19 17:10:24.134] [NODO-2] [V=[-]] [NODO] No se pudo conectar a Nodo-1 (localhost:5002): Connection refused: getsockopt
[2026-06-19 17:10:29.137] [NODO-2] [V=[-]] [NODO] No se pudo conectar a Nodo-0 (localhost:5001): Connection refused: getsockopt
[2026-06-19 17:10:29.138] [NODO-2] [V=[-]] [NODO] No se pudo conectar a Nodo-1 (localhost:5002): Connection refused: getsockopt
[2026-06-19 17:10:34.133] [NODO-2] [V=[-]] [NODO] No se pudo conectar a Nodo-0 (localhost:5001): Connection refused: getsockopt
[2026-06-19 17:10:34.134] [NODO-2] [V=[-]] [NODO] No se pudo conectar a Nodo-1 (localhost:5002): Connection refused: getsockopt
[2026-06-19 17:10:39.136] [NODO-2] [V=[-]] [NODO] No se pudo conectar a Nodo-0 (localhost:5001): Connection refused: getsockopt
[2026-06-19 17:10:39.151] [NODO-2] [V=[-]] [NODO] No se pudo conectar a Nodo-1 (localhost:5002): Connection refused: getsockopt
[2026-06-19 17:10:44.108] [NODO-2] [V=[-]] [NODO] No se pudo conectar a Nodo-0 (localhost:5001): Connection refused: getsockopt
[2026-06-19 17:10:44.109] [NODO-2] [V=[-]] [NODO] No se pudo conectar a Nodo-1 (localhost:5002): Connection refused: getsockopt
[2026-06-19 17:10:49.125] [NODO-2] [V=[-]] [NODO] No se pudo conectar a Nodo-0 (localhost:5001): Connection refused: getsockopt
[2026-06-19 17:10:49.140] [NODO-2] [V=[-]] [NODO] No se pudo conectar a Nodo-1 (localhost:5002): Connection refused: getsockopt
[2026-06-19 17:10:54.121] [NODO-2] [V=[-]] [NODO] No se pudo conectar a Nodo-0 (localhost:5001): Connection refused: getsockopt
[2026-06-19 17:10:54.122] [NODO-2] [V=[-]] [NODO] No se pudo conectar a Nodo-1 (localhost:5002): Connection refused: getsockopt
[2026-06-19 17:10:59.114] [NODO-2] [V=[-]] [NODO] No se pudo conectar a Nodo-0 (localhost:5001): Connection refused: getsockopt
[2026-06-19 17:10:59.130] [NODO-2] [V=[-]] [NODO] No se pudo conectar a Nodo-1 (localhost:5002): Connection refused: getsockopt
[2026-06-19 17:11:04.129] [NODO-2] [V=[-]] [NODO] No se pudo conectar a Nodo-0 (localhost:5001): Connection refused: getsockopt
[2026-06-19 17:11:04.130] [NODO-2] [V=[-]] [NODO] No se pudo conectar a Nodo-1 (localhost:5002): Connection refused: getsockopt
[2026-06-19 17:11:09.136] [NODO-2] [V=[-]] [NODO] No se pudo conectar a Nodo-0 (localhost:5001): Connection refused: getsockopt
[2026-06-19 17:11:09.151] [NODO-2] [V=[-]] [NODO] No se pudo conectar a Nodo-1 (localhost:5002): Connection refused: getsockopt
[2026-06-19 17:11:14.122] [NODO-2] [V=[-]] [NODO] No se pudo conectar a Nodo-0 (localhost:5001): Connection refused: getsockopt
[2026-06-19 17:11:14.123] [NODO-2] [V=[-]] [NODO] No se pudo conectar a Nodo-1 (localhost:5002): Connection refused: getsockopt
[2026-06-19 17:11:19.134] [NODO-2] [V=[-]] [NODO] No se pudo conectar a Nodo-0 (localhost:5001): Connection refused: getsockopt
[2026-06-19 17:11:19.150] [NODO-2] [V=[-]] [NODO] No se pudo conectar a Nodo-1 (localhost:5002): Connection refused: getsockopt
[2026-06-19 17:11:24.135] [NODO-2] [V=[-]] [NODO] No se pudo conectar a Nodo-0 (localhost:5001): Connection refused: getsockopt
[2026-06-19 17:11:24.136] [NODO-2] [V=[-]] [NODO] No se pudo conectar a Nodo-1 (localhost:5002): Connection refused: getsockopt
[2026-06-19 17:11:29.113] [NODO-2] [V=[-]] [NODO] No se pudo conectar a Nodo-0 (localhost:5001): Connection refused: getsockopt
[2026-06-19 17:11:29.114] [NODO-2] [V=[-]] [NODO] No se pudo conectar a Nodo-1 (localhost:5002): Connection refused: getsockopt
[2026-06-19 17:11:34.133] [NODO-2] [V=[-]] [NODO] No se pudo conectar a Nodo-0 (localhost:5001): Connection refused: getsockopt
[2026-06-19 17:11:34.134] [NODO-2] [V=[-]] [NODO] No se pudo conectar a Nodo-1 (localhost:5002): Connection refused: getsockopt
[2026-06-19 17:11:39.124] [NODO-2] [V=[-]] [NODO] No se pudo conectar a Nodo-0 (localhost:5001): Connection refused: getsockopt
[2026-06-19 17:11:39.126] [NODO-2] [V=[-]] [NODO] No se pudo conectar a Nodo-1 (localhost:5002): Connection refused: getsockopt
[2026-06-19 17:11:44.114] [NODO-2] [V=[-]] [NODO] No se pudo conectar a Nodo-0 (localhost:5001): Connection refused: getsockopt
[2026-06-19 17:11:44.114] [NODO-2] [V=[-]] [NODO] No se pudo conectar a Nodo-1 (localhost:5002): Connection refused: getsockopt
[2026-06-19 17:11:49.137] [NODO-2] [V=[-]] [NODO] No se pudo conectar a Nodo-0 (localhost:5001): Connection refused: getsockopt
[2026-06-19 17:11:49.153] [NODO-2] [V=[-]] [NODO] No se pudo conectar a Nodo-1 (localhost:5002): Connection refused: getsockopt
[2026-06-19 17:11:54.149] [NODO-2] [V=[-]] [NODO] No se pudo conectar a Nodo-0 (localhost:5001): Connection refused: getsockopt
[2026-06-19 17:11:54.156] [NODO-2] [V=[-]] [NODO] No se pudo conectar a Nodo-1 (localhost:5002): Connection refused: getsockopt
[2026-06-19 17:11:59.108] [NODO-2] [V=[-]] [NODO] No se pudo conectar a Nodo-0 (localhost:5001): Connection refused: getsockopt
[2026-06-19 17:11:59.110] [NODO-2] [V=[-]] [NODO] No se pudo conectar a Nodo-1 (localhost:5002): Connection refused: getsockopt
[2026-06-19 17:12:04.116] [NODO-2] [V=[-]] [NODO] No se pudo conectar a Nodo-0 (localhost:5001): Connection refused: getsockopt
[2026-06-19 17:12:04.117] [NODO-2] [V=[-]] [NODO] No se pudo conectar a Nodo-1 (localhost:5002): Connection refused: getsockopt
[2026-06-19 17:31:33.402] [NODO-2] [V=[-]] [SISTEMA] === LOG INICIADO — Nodo 2 — 2026-06-19 17:31:33.399 ===
[2026-06-19 17:31:33.414] [NODO-2] [V=[-]] [SISTEMA] ════════════════════════════════════════════════
[2026-06-19 17:31:33.416] [NODO-2] [V=[-]] [SISTEMA]   NODO-2 — WhatsApp Distribuido Multinodo
[2026-06-19 17:31:33.417] [NODO-2] [V=[-]] [SISTEMA]   Puerto clientes: 5003
[2026-06-19 17:31:33.418] [NODO-2] [V=[-]] [SISTEMA]   Puerto inter-nodo: 5103
[2026-06-19 17:31:33.419] [NODO-2] [V=[-]] [SISTEMA]   Peers configurados: 2
[2026-06-19 17:31:33.419] [NODO-2] [V=[-]] [SISTEMA] ════════════════════════════════════════════════
[2026-06-19 17:31:33.784] [NODO-2] [V=[-]] [NODO] Escuchando conexiones inter-nodo en puerto 5103
[2026-06-19 17:31:34.296] [NODO-2] [V=[-]] [NODO] Conectado exitosamente a Nodo-0 (localhost:5001)
[2026-06-19 17:31:34.302] [NODO-2] [V=[0, 0, 1]] [NODO] Nodo-0 se unió al sistema
[2026-06-19 17:31:34.302] [NODO-2] [V=[-]] [NODO] Conectado exitosamente a Nodo-1 (localhost:5002)
[2026-06-19 17:31:34.306] [NODO-2] [V=[-]] [NODO] Esperando conexión con peers (máximo 10 segundos)...
[2026-06-19 17:31:34.308] [NODO-2] [V=[-]] [NODO] Peers conectados: 2/2
[2026-06-19 17:31:34.310] [NODO-2] [V=[0, 0, 2]] [NODO] Nodo-1 se unió al sistema
[2026-06-19 17:31:34.311] [NODO-2] [V=[-]] [HEARTBEAT] Gestor de Heartbeats iniciado (intervalo=2000ms, maxFallos=3)
[2026-06-19 17:31:36.315] [NODO-2] [V=[8, 7, 6]] [ELECCION] COORDINADOR_INICIAL — Coordinador inicial determinado: Nodo-2
[2026-06-19 17:31:36.317] [NODO-2] [V=[8, 7, 7]] [ELECCION] NUEVO_COORDINADOR — ★ Nodo-2 es el nuevo COORDINADOR ★
[2026-06-19 17:31:36.324] [NODO-2] [V=[-]] [SISTEMA] Aceptando clientes en puerto 5003
[2026-06-19 17:31:51.138] [NODO-2] [V=[62, 63, 60]] [NODO] Nueva conexión de cliente desde 127.0.0.1
[2026-06-19 17:31:51.160] [NODO-2] [V=[-]] [SISTEMA] [MANEJADOR-Usuario4] Cuenta creada exitosamente.
[2026-06-19 17:31:51.162] [NODO-2] [V=[62, 63, 61]] [MENSAJE] CONECTADO: Usuario4 → SISTEMA "Usuario conectado en Nodo-2"
[2026-06-19 17:31:51.171] [NODO-2] [V=[62, 63, 61]] [CONSENSO] PROPUESTA_LIDER — Nueva entrada: [T0:I0] CONECTADO Usuario4@Nodo-2
[2026-06-19 17:31:51.173] [NODO-2] [V=[62, 63, 62]] [CONSENSO] APPEND_ENVIADO — Entrada [T0:I0] CONECTADO Usuario4@Nodo-2 enviada a seguidores
[2026-06-19 17:31:51.198] [NODO-2] [V=[64, 63, 63]] [CONSENSO] ACK_RECIBIDO — ACK de Nodo-0 para entrada 0 (total ACKs: 2/3)
[2026-06-19 17:31:51.224] [NODO-2] [V=[64, 65, 64]] [CONSENSO] ACK_RECIBIDO — ACK de Nodo-1 para entrada 0 (total ACKs: 3/3)
[2026-06-19 17:31:51.253] [NODO-2] [V=[64, 65, 64]] [CONSENSO] COMMIT — ★ Entrada commiteada por quórum (3/3): [T0:I0] CONECTADO Usuario4@Nodo-2
[2026-06-19 17:31:51.266] [NODO-2] [V=[-]] [SISTEMA] [MANEJADOR-Usuario4] Hilo Enviador iniciado.
[2026-06-19 17:58:34.575] [NODO-2] [V=[-]] [FALLO] Conexión perdida con Nodo-0: Connection reset
[2026-06-19 17:58:34.577] [NODO-2] [V=[5678, 5679, 5679]] [FALLO] ⚠ Peer desconectado: Nodo-0
[2026-06-19 17:58:35.374] [NODO-2] [V=[-]] [FALLO] Conexión perdida con Nodo-1: Connection reset
[2026-06-19 17:58:35.374] [NODO-2] [V=[5678, 5679, 5680]] [FALLO] ⚠ Peer desconectado: Nodo-1
[2026-06-19 18:30:07.117] [NODO-2] [V=[-]] [SISTEMA] === LOG INICIADO — Nodo 2 — 2026-06-19 18:30:07.116 ===
[2026-06-19 18:30:07.128] [NODO-2] [V=[-]] [SISTEMA] ════════════════════════════════════════════════
[2026-06-19 18:30:07.129] [NODO-2] [V=[-]] [SISTEMA]   NODO-2 — WhatsApp Distribuido Multinodo
[2026-06-19 18:30:07.130] [NODO-2] [V=[-]] [SISTEMA]   Puerto clientes: 5003
[2026-06-19 18:30:07.130] [NODO-2] [V=[-]] [SISTEMA]   Puerto inter-nodo: 5103
[2026-06-19 18:30:07.131] [NODO-2] [V=[-]] [SISTEMA]   Peers configurados: 2
[2026-06-19 18:30:07.131] [NODO-2] [V=[-]] [SISTEMA] ════════════════════════════════════════════════
[2026-06-19 18:30:07.570] [NODO-2] [V=[-]] [NODO] Escuchando conexiones inter-nodo en puerto 5103
[2026-06-19 18:30:08.129] [NODO-2] [V=[-]] [NODO] Conectado exitosamente a Nodo-0 (100.82.103.13:5001)
[2026-06-19 18:30:08.187] [NODO-2] [V=[-]] [NODO] Conectado exitosamente a Nodo-1 (100.82.103.13:5002)
[2026-06-19 18:30:08.189] [NODO-2] [V=[-]] [NODO] Esperando conexión con peers (máximo 10 segundos)...
[2026-06-19 18:30:08.192] [NODO-2] [V=[-]] [NODO] Peers conectados: 2/2
[2026-06-19 18:30:08.194] [NODO-2] [V=[-]] [HEARTBEAT] Gestor de Heartbeats iniciado (intervalo=2000ms, maxFallos=3)
[2026-06-19 18:30:08.267] [NODO-2] [V=[0, 0, 1]] [NODO] Nodo-0 se unió al sistema
[2026-06-19 18:30:08.390] [NODO-2] [V=[0, 0, 2]] [NODO] Nodo-1 se unió al sistema
[2026-06-19 18:30:10.195] [NODO-2] [V=[134, 98, 7]] [ELECCION] COORDINADOR_INICIAL — Coordinador inicial determinado: Nodo-2
[2026-06-19 18:30:10.196] [NODO-2] [V=[134, 98, 8]] [ELECCION] NUEVO_COORDINADOR — ★ Nodo-2 es el nuevo COORDINADOR ★
[2026-06-19 18:30:10.198] [NODO-2] [V=[-]] [SISTEMA] Aceptando clientes en puerto 5003
